ARM GAS  C:\Users\iron\AppData\Local\Temp\cc18AclY.s 			page 1


   1              		.syntax unified
   2              		.cpu cortex-m0
   3              		.fpu softvfp
   4              		.eabi_attribute 20, 1
   5              		.eabi_attribute 21, 1
   6              		.eabi_attribute 23, 3
   7              		.eabi_attribute 24, 1
   8              		.eabi_attribute 25, 1
   9              		.eabi_attribute 26, 1
  10              		.eabi_attribute 30, 1
  11              		.eabi_attribute 34, 0
  12              		.eabi_attribute 18, 4
  13              		.thumb
  14              		.syntax unified
  15              		.file	"main.c"
  16              		.text
  17              	.Ltext0:
  18              		.cfi_sections	.debug_frame
  19              		.section	.text.main,"ax",%progbits
  20              		.align	2
  21              		.global	main
  22              		.code	16
  23              		.thumb_func
  24              		.type	main, %function
  25              	main:
  26              	.LFB36:
  27              		.file 1 "main.c"
   1:main.c        **** #include <stdio.h>
   2:main.c        **** 
   3:main.c        **** #include "project.h"
   4:main.c        **** 
   5:main.c        **** int _write(int file, char* ptr, int len);
   6:main.c        **** 
   7:main.c        **** int main(void)
   8:main.c        **** {
  28              		.loc 1 8 0
  29              		.cfi_startproc
  30              		@ args = 0, pretend = 0, frame = 0
  31              		@ frame_needed = 0, uses_anonymous_args = 0
  32 0000 10B5     		push	{r4, lr}
  33              		.cfi_def_cfa_offset 8
  34              		.cfi_offset 4, -8
  35              		.cfi_offset 14, -4
   9:main.c        ****     uint32 cnt;
  10:main.c        ****     
  11:main.c        ****     CyGlobalIntEnable; 
  36              		.loc 1 11 0
  37              		.syntax divided
  38              	@ 11 "main.c" 1
  39 0002 62B6     		CPSIE   i
  40              	@ 0 "" 2
  12:main.c        ****     UART_DBG_Start();
  41              		.loc 1 12 0
  42              		.thumb
  43              		.syntax unified
  44 0004 FFF7FEFF 		bl	UART_DBG_Start
  45              	.LVL0:
ARM GAS  C:\Users\iron\AppData\Local\Temp\cc18AclY.s 			page 2


  13:main.c        ****     
  14:main.c        ****     cnt = 0;
  46              		.loc 1 14 0
  47 0008 0021     		movs	r1, #0
  48              	.LVL1:
  49              	.L2:
  15:main.c        ****     
  16:main.c        ****     while (1)
  17:main.c        ****     {
  18:main.c        ****         printf("Hello World (cnt=%d)\r\n", cnt++);
  50              		.loc 1 18 0 discriminator 1
  51 000a 4C1C     		adds	r4, r1, #1
  52              	.LVL2:
  53 000c 0448     		ldr	r0, .L3
  54 000e FFF7FEFF 		bl	printf
  55              	.LVL3:
  19:main.c        ****         CyDelay(1000);
  56              		.loc 1 19 0 discriminator 1
  57 0012 FA20     		movs	r0, #250
  58 0014 8000     		lsls	r0, r0, #2
  59 0016 FFF7FEFF 		bl	CyDelay
  60              	.LVL4:
  18:main.c        ****         CyDelay(1000);
  61              		.loc 1 18 0 discriminator 1
  62 001a 2100     		movs	r1, r4
  63 001c F5E7     		b	.L2
  64              	.L4:
  65 001e C046     		.align	2
  66              	.L3:
  67 0020 00000000 		.word	.LC0
  68              		.cfi_endproc
  69              	.LFE36:
  70              		.size	main, .-main
  71              		.section	.text._write,"ax",%progbits
  72              		.align	2
  73              		.global	_write
  74              		.code	16
  75              		.thumb_func
  76              		.type	_write, %function
  77              	_write:
  78              	.LFB37:
  20:main.c        ****     }
  21:main.c        **** }
  22:main.c        **** 
  23:main.c        **** int _write(int file, char* ptr, int len)
  24:main.c        **** {
  79              		.loc 1 24 0
  80              		.cfi_startproc
  81              		@ args = 0, pretend = 0, frame = 0
  82              		@ frame_needed = 0, uses_anonymous_args = 0
  83              	.LVL5:
  84 0000 70B5     		push	{r4, r5, r6, lr}
  85              		.cfi_def_cfa_offset 16
  86              		.cfi_offset 4, -16
  87              		.cfi_offset 5, -12
  88              		.cfi_offset 6, -8
  89              		.cfi_offset 14, -4
ARM GAS  C:\Users\iron\AppData\Local\Temp\cc18AclY.s 			page 3


  90 0002 1600     		movs	r6, r2
  91              	.LVL6:
  25:main.c        ****     int x;
  26:main.c        ****     file = file;
  27:main.c        ****     for (x = 0; x < len; x++)
  92              		.loc 1 27 0
  93 0004 0024     		movs	r4, #0
  94 0006 05E0     		b	.L6
  95              	.LVL7:
  96              	.L7:
  28:main.c        ****     {
  29:main.c        ****         UART_DBG_UartPutChar(*ptr++);
  97              		.loc 1 29 0 discriminator 3
  98 0008 4D1C     		adds	r5, r1, #1
  99              	.LVL8:
 100 000a 0878     		ldrb	r0, [r1]
 101 000c FFF7FEFF 		bl	UART_DBG_SpiUartWriteTxData
 102              	.LVL9:
  27:main.c        ****     {
 103              		.loc 1 27 0 discriminator 3
 104 0010 0134     		adds	r4, r4, #1
 105              	.LVL10:
 106              		.loc 1 29 0 discriminator 3
 107 0012 2900     		movs	r1, r5
 108              	.LVL11:
 109              	.L6:
  27:main.c        ****     {
 110              		.loc 1 27 0 discriminator 1
 111 0014 B442     		cmp	r4, r6
 112 0016 F7DB     		blt	.L7
  30:main.c        ****     }
  31:main.c        ****     return len;
  32:main.c        **** }
 113              		.loc 1 32 0
 114 0018 3000     		movs	r0, r6
 115              		@ sp needed
 116              	.LVL12:
 117              	.LVL13:
 118 001a 70BD     		pop	{r4, r5, r6, pc}
 119              		.cfi_endproc
 120              	.LFE37:
 121              		.size	_write, .-_write
 122              		.section	.rodata.str1.4,"aMS",%progbits,1
 123              		.align	2
 124              	.LC0:
 125 0000 48656C6C 		.ascii	"Hello World (cnt=%d)\015\012\000"
 125      6F20576F 
 125      726C6420 
 125      28636E74 
 125      3D256429 
 126              		.text
 127              	.Letext0:
 128              		.file 2 "Generated_Source\\PSoC4/UART_DBG.h"
 129              		.file 3 "d:\\program files (x86)\\cypress\\psoc creator\\4.2\\psoc creator\\import\\gnu\\arm\\5.4.
 130              		.file 4 "Generated_Source\\PSoC4/CyLib.h"
 131              		.file 5 "Generated_Source\\PSoC4/UART_DBG_SPI_UART.h"
 132              		.file 6 "Generated_Source\\PSoC4/cytypes.h"
ARM GAS  C:\Users\iron\AppData\Local\Temp\cc18AclY.s 			page 4


 133              		.section	.debug_info,"",%progbits
 134              	.Ldebug_info0:
 135 0000 87010000 		.4byte	0x187
 136 0004 0400     		.2byte	0x4
 137 0006 00000000 		.4byte	.Ldebug_abbrev0
 138 000a 04       		.byte	0x4
 139 000b 01       		.uleb128 0x1
 140 000c DB000000 		.4byte	.LASF19
 141 0010 0C       		.byte	0xc
 142 0011 B0000000 		.4byte	.LASF20
 143 0015 33000000 		.4byte	.LASF21
 144 0019 00000000 		.4byte	.Ldebug_ranges0+0
 145 001d 00000000 		.4byte	0
 146 0021 00000000 		.4byte	.Ldebug_line0
 147 0025 02       		.uleb128 0x2
 148 0026 01       		.byte	0x1
 149 0027 06       		.byte	0x6
 150 0028 27000000 		.4byte	.LASF0
 151 002c 02       		.uleb128 0x2
 152 002d 01       		.byte	0x1
 153 002e 08       		.byte	0x8
 154 002f 9D000000 		.4byte	.LASF1
 155 0033 02       		.uleb128 0x2
 156 0034 02       		.byte	0x2
 157 0035 05       		.byte	0x5
 158 0036 95010000 		.4byte	.LASF2
 159 003a 02       		.uleb128 0x2
 160 003b 02       		.byte	0x2
 161 003c 07       		.byte	0x7
 162 003d 69010000 		.4byte	.LASF3
 163 0041 02       		.uleb128 0x2
 164 0042 04       		.byte	0x4
 165 0043 05       		.byte	0x5
 166 0044 B7000000 		.4byte	.LASF4
 167 0048 02       		.uleb128 0x2
 168 0049 04       		.byte	0x4
 169 004a 07       		.byte	0x7
 170 004b 6D000000 		.4byte	.LASF5
 171 004f 02       		.uleb128 0x2
 172 0050 08       		.byte	0x8
 173 0051 05       		.byte	0x5
 174 0052 00000000 		.4byte	.LASF6
 175 0056 02       		.uleb128 0x2
 176 0057 08       		.byte	0x8
 177 0058 07       		.byte	0x7
 178 0059 7F000000 		.4byte	.LASF7
 179 005d 03       		.uleb128 0x3
 180 005e 04       		.byte	0x4
 181 005f 05       		.byte	0x5
 182 0060 696E7400 		.ascii	"int\000"
 183 0064 02       		.uleb128 0x2
 184 0065 04       		.byte	0x4
 185 0066 07       		.byte	0x7
 186 0067 15000000 		.4byte	.LASF8
 187 006b 02       		.uleb128 0x2
 188 006c 08       		.byte	0x8
 189 006d 04       		.byte	0x4
ARM GAS  C:\Users\iron\AppData\Local\Temp\cc18AclY.s 			page 5


 190 006e 83010000 		.4byte	.LASF9
 191 0072 02       		.uleb128 0x2
 192 0073 04       		.byte	0x4
 193 0074 07       		.byte	0x7
 194 0075 BB010000 		.4byte	.LASF10
 195 0079 04       		.uleb128 0x4
 196 007a 04       		.byte	0x4
 197 007b 7F000000 		.4byte	0x7f
 198 007f 02       		.uleb128 0x2
 199 0080 01       		.byte	0x1
 200 0081 08       		.byte	0x8
 201 0082 AB000000 		.4byte	.LASF11
 202 0086 05       		.uleb128 0x5
 203 0087 0E000000 		.4byte	.LASF22
 204 008b 06       		.byte	0x6
 205 008c E601     		.2byte	0x1e6
 206 008e 48000000 		.4byte	0x48
 207 0092 02       		.uleb128 0x2
 208 0093 04       		.byte	0x4
 209 0094 04       		.byte	0x4
 210 0095 8F010000 		.4byte	.LASF12
 211 0099 02       		.uleb128 0x2
 212 009a 08       		.byte	0x8
 213 009b 04       		.byte	0x4
 214 009c C5000000 		.4byte	.LASF13
 215 00a0 06       		.uleb128 0x6
 216 00a1 22000000 		.4byte	.LASF23
 217 00a5 01       		.byte	0x1
 218 00a6 07       		.byte	0x7
 219 00a7 5D000000 		.4byte	0x5d
 220 00ab 00000000 		.4byte	.LFB36
 221 00af 24000000 		.4byte	.LFE36-.LFB36
 222 00b3 01       		.uleb128 0x1
 223 00b4 9C       		.byte	0x9c
 224 00b5 00010000 		.4byte	0x100
 225 00b9 07       		.uleb128 0x7
 226 00ba 636E7400 		.ascii	"cnt\000"
 227 00be 01       		.byte	0x1
 228 00bf 09       		.byte	0x9
 229 00c0 86000000 		.4byte	0x86
 230 00c4 00000000 		.4byte	.LLST0
 231 00c8 08       		.uleb128 0x8
 232 00c9 08000000 		.4byte	.LVL0
 233 00cd 5D010000 		.4byte	0x15d
 234 00d1 09       		.uleb128 0x9
 235 00d2 12000000 		.4byte	.LVL3
 236 00d6 68010000 		.4byte	0x168
 237 00da EE000000 		.4byte	0xee
 238 00de 0A       		.uleb128 0xa
 239 00df 01       		.uleb128 0x1
 240 00e0 50       		.byte	0x50
 241 00e1 05       		.uleb128 0x5
 242 00e2 03       		.byte	0x3
 243 00e3 00000000 		.4byte	.LC0
 244 00e7 0A       		.uleb128 0xa
 245 00e8 01       		.uleb128 0x1
 246 00e9 51       		.byte	0x51
ARM GAS  C:\Users\iron\AppData\Local\Temp\cc18AclY.s 			page 6


 247 00ea 02       		.uleb128 0x2
 248 00eb 74       		.byte	0x74
 249 00ec 7F       		.sleb128 -1
 250 00ed 00       		.byte	0
 251 00ee 0B       		.uleb128 0xb
 252 00ef 1A000000 		.4byte	.LVL4
 253 00f3 73010000 		.4byte	0x173
 254 00f7 0A       		.uleb128 0xa
 255 00f8 01       		.uleb128 0x1
 256 00f9 50       		.byte	0x50
 257 00fa 03       		.uleb128 0x3
 258 00fb 0A       		.byte	0xa
 259 00fc E803     		.2byte	0x3e8
 260 00fe 00       		.byte	0
 261 00ff 00       		.byte	0
 262 0100 0C       		.uleb128 0xc
 263 0101 96000000 		.4byte	.LASF24
 264 0105 01       		.byte	0x1
 265 0106 17       		.byte	0x17
 266 0107 5D000000 		.4byte	0x5d
 267 010b 00000000 		.4byte	.LFB37
 268 010f 1C000000 		.4byte	.LFE37-.LFB37
 269 0113 01       		.uleb128 0x1
 270 0114 9C       		.byte	0x9c
 271 0115 5D010000 		.4byte	0x15d
 272 0119 0D       		.uleb128 0xd
 273 011a C0000000 		.4byte	.LASF14
 274 011e 01       		.byte	0x1
 275 011f 17       		.byte	0x17
 276 0120 5D000000 		.4byte	0x5d
 277 0124 2A000000 		.4byte	.LLST1
 278 0128 0E       		.uleb128 0xe
 279 0129 70747200 		.ascii	"ptr\000"
 280 012d 01       		.byte	0x1
 281 012e 17       		.byte	0x17
 282 012f 79000000 		.4byte	0x79
 283 0133 4B000000 		.4byte	.LLST2
 284 0137 0E       		.uleb128 0xe
 285 0138 6C656E00 		.ascii	"len\000"
 286 013c 01       		.byte	0x1
 287 013d 17       		.byte	0x17
 288 013e 5D000000 		.4byte	0x5d
 289 0142 74000000 		.4byte	.LLST3
 290 0146 07       		.uleb128 0x7
 291 0147 7800     		.ascii	"x\000"
 292 0149 01       		.byte	0x1
 293 014a 19       		.byte	0x19
 294 014b 5D000000 		.4byte	0x5d
 295 014f 9D000000 		.4byte	.LLST4
 296 0153 08       		.uleb128 0x8
 297 0154 10000000 		.4byte	.LVL9
 298 0158 7E010000 		.4byte	0x17e
 299 015c 00       		.byte	0
 300 015d 0F       		.uleb128 0xf
 301 015e CC000000 		.4byte	.LASF15
 302 0162 CC000000 		.4byte	.LASF15
 303 0166 02       		.byte	0x2
ARM GAS  C:\Users\iron\AppData\Local\Temp\cc18AclY.s 			page 7


 304 0167 72       		.byte	0x72
 305 0168 0F       		.uleb128 0xf
 306 0169 7C010000 		.4byte	.LASF16
 307 016d 7C010000 		.4byte	.LASF16
 308 0171 03       		.byte	0x3
 309 0172 BB       		.byte	0xbb
 310 0173 0F       		.uleb128 0xf
 311 0174 65000000 		.4byte	.LASF17
 312 0178 65000000 		.4byte	.LASF17
 313 017c 04       		.byte	0x4
 314 017d D9       		.byte	0xd9
 315 017e 10       		.uleb128 0x10
 316 017f 9F010000 		.4byte	.LASF18
 317 0183 9F010000 		.4byte	.LASF18
 318 0187 05       		.byte	0x5
 319 0188 4403     		.2byte	0x344
 320 018a 00       		.byte	0
 321              		.section	.debug_abbrev,"",%progbits
 322              	.Ldebug_abbrev0:
 323 0000 01       		.uleb128 0x1
 324 0001 11       		.uleb128 0x11
 325 0002 01       		.byte	0x1
 326 0003 25       		.uleb128 0x25
 327 0004 0E       		.uleb128 0xe
 328 0005 13       		.uleb128 0x13
 329 0006 0B       		.uleb128 0xb
 330 0007 03       		.uleb128 0x3
 331 0008 0E       		.uleb128 0xe
 332 0009 1B       		.uleb128 0x1b
 333 000a 0E       		.uleb128 0xe
 334 000b 55       		.uleb128 0x55
 335 000c 17       		.uleb128 0x17
 336 000d 11       		.uleb128 0x11
 337 000e 01       		.uleb128 0x1
 338 000f 10       		.uleb128 0x10
 339 0010 17       		.uleb128 0x17
 340 0011 00       		.byte	0
 341 0012 00       		.byte	0
 342 0013 02       		.uleb128 0x2
 343 0014 24       		.uleb128 0x24
 344 0015 00       		.byte	0
 345 0016 0B       		.uleb128 0xb
 346 0017 0B       		.uleb128 0xb
 347 0018 3E       		.uleb128 0x3e
 348 0019 0B       		.uleb128 0xb
 349 001a 03       		.uleb128 0x3
 350 001b 0E       		.uleb128 0xe
 351 001c 00       		.byte	0
 352 001d 00       		.byte	0
 353 001e 03       		.uleb128 0x3
 354 001f 24       		.uleb128 0x24
 355 0020 00       		.byte	0
 356 0021 0B       		.uleb128 0xb
 357 0022 0B       		.uleb128 0xb
 358 0023 3E       		.uleb128 0x3e
 359 0024 0B       		.uleb128 0xb
 360 0025 03       		.uleb128 0x3
ARM GAS  C:\Users\iron\AppData\Local\Temp\cc18AclY.s 			page 8


 361 0026 08       		.uleb128 0x8
 362 0027 00       		.byte	0
 363 0028 00       		.byte	0
 364 0029 04       		.uleb128 0x4
 365 002a 0F       		.uleb128 0xf
 366 002b 00       		.byte	0
 367 002c 0B       		.uleb128 0xb
 368 002d 0B       		.uleb128 0xb
 369 002e 49       		.uleb128 0x49
 370 002f 13       		.uleb128 0x13
 371 0030 00       		.byte	0
 372 0031 00       		.byte	0
 373 0032 05       		.uleb128 0x5
 374 0033 16       		.uleb128 0x16
 375 0034 00       		.byte	0
 376 0035 03       		.uleb128 0x3
 377 0036 0E       		.uleb128 0xe
 378 0037 3A       		.uleb128 0x3a
 379 0038 0B       		.uleb128 0xb
 380 0039 3B       		.uleb128 0x3b
 381 003a 05       		.uleb128 0x5
 382 003b 49       		.uleb128 0x49
 383 003c 13       		.uleb128 0x13
 384 003d 00       		.byte	0
 385 003e 00       		.byte	0
 386 003f 06       		.uleb128 0x6
 387 0040 2E       		.uleb128 0x2e
 388 0041 01       		.byte	0x1
 389 0042 3F       		.uleb128 0x3f
 390 0043 19       		.uleb128 0x19
 391 0044 03       		.uleb128 0x3
 392 0045 0E       		.uleb128 0xe
 393 0046 3A       		.uleb128 0x3a
 394 0047 0B       		.uleb128 0xb
 395 0048 3B       		.uleb128 0x3b
 396 0049 0B       		.uleb128 0xb
 397 004a 27       		.uleb128 0x27
 398 004b 19       		.uleb128 0x19
 399 004c 49       		.uleb128 0x49
 400 004d 13       		.uleb128 0x13
 401 004e 8701     		.uleb128 0x87
 402 0050 19       		.uleb128 0x19
 403 0051 11       		.uleb128 0x11
 404 0052 01       		.uleb128 0x1
 405 0053 12       		.uleb128 0x12
 406 0054 06       		.uleb128 0x6
 407 0055 40       		.uleb128 0x40
 408 0056 18       		.uleb128 0x18
 409 0057 9742     		.uleb128 0x2117
 410 0059 19       		.uleb128 0x19
 411 005a 01       		.uleb128 0x1
 412 005b 13       		.uleb128 0x13
 413 005c 00       		.byte	0
 414 005d 00       		.byte	0
 415 005e 07       		.uleb128 0x7
 416 005f 34       		.uleb128 0x34
 417 0060 00       		.byte	0
ARM GAS  C:\Users\iron\AppData\Local\Temp\cc18AclY.s 			page 9


 418 0061 03       		.uleb128 0x3
 419 0062 08       		.uleb128 0x8
 420 0063 3A       		.uleb128 0x3a
 421 0064 0B       		.uleb128 0xb
 422 0065 3B       		.uleb128 0x3b
 423 0066 0B       		.uleb128 0xb
 424 0067 49       		.uleb128 0x49
 425 0068 13       		.uleb128 0x13
 426 0069 02       		.uleb128 0x2
 427 006a 17       		.uleb128 0x17
 428 006b 00       		.byte	0
 429 006c 00       		.byte	0
 430 006d 08       		.uleb128 0x8
 431 006e 898201   		.uleb128 0x4109
 432 0071 00       		.byte	0
 433 0072 11       		.uleb128 0x11
 434 0073 01       		.uleb128 0x1
 435 0074 31       		.uleb128 0x31
 436 0075 13       		.uleb128 0x13
 437 0076 00       		.byte	0
 438 0077 00       		.byte	0
 439 0078 09       		.uleb128 0x9
 440 0079 898201   		.uleb128 0x4109
 441 007c 01       		.byte	0x1
 442 007d 11       		.uleb128 0x11
 443 007e 01       		.uleb128 0x1
 444 007f 31       		.uleb128 0x31
 445 0080 13       		.uleb128 0x13
 446 0081 01       		.uleb128 0x1
 447 0082 13       		.uleb128 0x13
 448 0083 00       		.byte	0
 449 0084 00       		.byte	0
 450 0085 0A       		.uleb128 0xa
 451 0086 8A8201   		.uleb128 0x410a
 452 0089 00       		.byte	0
 453 008a 02       		.uleb128 0x2
 454 008b 18       		.uleb128 0x18
 455 008c 9142     		.uleb128 0x2111
 456 008e 18       		.uleb128 0x18
 457 008f 00       		.byte	0
 458 0090 00       		.byte	0
 459 0091 0B       		.uleb128 0xb
 460 0092 898201   		.uleb128 0x4109
 461 0095 01       		.byte	0x1
 462 0096 11       		.uleb128 0x11
 463 0097 01       		.uleb128 0x1
 464 0098 31       		.uleb128 0x31
 465 0099 13       		.uleb128 0x13
 466 009a 00       		.byte	0
 467 009b 00       		.byte	0
 468 009c 0C       		.uleb128 0xc
 469 009d 2E       		.uleb128 0x2e
 470 009e 01       		.byte	0x1
 471 009f 3F       		.uleb128 0x3f
 472 00a0 19       		.uleb128 0x19
 473 00a1 03       		.uleb128 0x3
 474 00a2 0E       		.uleb128 0xe
ARM GAS  C:\Users\iron\AppData\Local\Temp\cc18AclY.s 			page 10


 475 00a3 3A       		.uleb128 0x3a
 476 00a4 0B       		.uleb128 0xb
 477 00a5 3B       		.uleb128 0x3b
 478 00a6 0B       		.uleb128 0xb
 479 00a7 27       		.uleb128 0x27
 480 00a8 19       		.uleb128 0x19
 481 00a9 49       		.uleb128 0x49
 482 00aa 13       		.uleb128 0x13
 483 00ab 11       		.uleb128 0x11
 484 00ac 01       		.uleb128 0x1
 485 00ad 12       		.uleb128 0x12
 486 00ae 06       		.uleb128 0x6
 487 00af 40       		.uleb128 0x40
 488 00b0 18       		.uleb128 0x18
 489 00b1 9742     		.uleb128 0x2117
 490 00b3 19       		.uleb128 0x19
 491 00b4 01       		.uleb128 0x1
 492 00b5 13       		.uleb128 0x13
 493 00b6 00       		.byte	0
 494 00b7 00       		.byte	0
 495 00b8 0D       		.uleb128 0xd
 496 00b9 05       		.uleb128 0x5
 497 00ba 00       		.byte	0
 498 00bb 03       		.uleb128 0x3
 499 00bc 0E       		.uleb128 0xe
 500 00bd 3A       		.uleb128 0x3a
 501 00be 0B       		.uleb128 0xb
 502 00bf 3B       		.uleb128 0x3b
 503 00c0 0B       		.uleb128 0xb
 504 00c1 49       		.uleb128 0x49
 505 00c2 13       		.uleb128 0x13
 506 00c3 02       		.uleb128 0x2
 507 00c4 17       		.uleb128 0x17
 508 00c5 00       		.byte	0
 509 00c6 00       		.byte	0
 510 00c7 0E       		.uleb128 0xe
 511 00c8 05       		.uleb128 0x5
 512 00c9 00       		.byte	0
 513 00ca 03       		.uleb128 0x3
 514 00cb 08       		.uleb128 0x8
 515 00cc 3A       		.uleb128 0x3a
 516 00cd 0B       		.uleb128 0xb
 517 00ce 3B       		.uleb128 0x3b
 518 00cf 0B       		.uleb128 0xb
 519 00d0 49       		.uleb128 0x49
 520 00d1 13       		.uleb128 0x13
 521 00d2 02       		.uleb128 0x2
 522 00d3 17       		.uleb128 0x17
 523 00d4 00       		.byte	0
 524 00d5 00       		.byte	0
 525 00d6 0F       		.uleb128 0xf
 526 00d7 2E       		.uleb128 0x2e
 527 00d8 00       		.byte	0
 528 00d9 3F       		.uleb128 0x3f
 529 00da 19       		.uleb128 0x19
 530 00db 3C       		.uleb128 0x3c
 531 00dc 19       		.uleb128 0x19
ARM GAS  C:\Users\iron\AppData\Local\Temp\cc18AclY.s 			page 11


 532 00dd 6E       		.uleb128 0x6e
 533 00de 0E       		.uleb128 0xe
 534 00df 03       		.uleb128 0x3
 535 00e0 0E       		.uleb128 0xe
 536 00e1 3A       		.uleb128 0x3a
 537 00e2 0B       		.uleb128 0xb
 538 00e3 3B       		.uleb128 0x3b
 539 00e4 0B       		.uleb128 0xb
 540 00e5 00       		.byte	0
 541 00e6 00       		.byte	0
 542 00e7 10       		.uleb128 0x10
 543 00e8 2E       		.uleb128 0x2e
 544 00e9 00       		.byte	0
 545 00ea 3F       		.uleb128 0x3f
 546 00eb 19       		.uleb128 0x19
 547 00ec 3C       		.uleb128 0x3c
 548 00ed 19       		.uleb128 0x19
 549 00ee 6E       		.uleb128 0x6e
 550 00ef 0E       		.uleb128 0xe
 551 00f0 03       		.uleb128 0x3
 552 00f1 0E       		.uleb128 0xe
 553 00f2 3A       		.uleb128 0x3a
 554 00f3 0B       		.uleb128 0xb
 555 00f4 3B       		.uleb128 0x3b
 556 00f5 05       		.uleb128 0x5
 557 00f6 00       		.byte	0
 558 00f7 00       		.byte	0
 559 00f8 00       		.byte	0
 560              		.section	.debug_loc,"",%progbits
 561              	.Ldebug_loc0:
 562              	.LLST0:
 563 0000 08000000 		.4byte	.LVL0
 564 0004 0A000000 		.4byte	.LVL1
 565 0008 0200     		.2byte	0x2
 566 000a 30       		.byte	0x30
 567 000b 9F       		.byte	0x9f
 568 000c 0A000000 		.4byte	.LVL1
 569 0010 0C000000 		.4byte	.LVL2
 570 0014 0100     		.2byte	0x1
 571 0016 51       		.byte	0x51
 572 0017 0C000000 		.4byte	.LVL2
 573 001b 24000000 		.4byte	.LFE36
 574 001f 0100     		.2byte	0x1
 575 0021 54       		.byte	0x54
 576 0022 00000000 		.4byte	0
 577 0026 00000000 		.4byte	0
 578              	.LLST1:
 579 002a 00000000 		.4byte	.LVL5
 580 002e 08000000 		.4byte	.LVL7
 581 0032 0100     		.2byte	0x1
 582 0034 50       		.byte	0x50
 583 0035 08000000 		.4byte	.LVL7
 584 0039 1C000000 		.4byte	.LFE37
 585 003d 0400     		.2byte	0x4
 586 003f F3       		.byte	0xf3
 587 0040 01       		.uleb128 0x1
 588 0041 50       		.byte	0x50
ARM GAS  C:\Users\iron\AppData\Local\Temp\cc18AclY.s 			page 12


 589 0042 9F       		.byte	0x9f
 590 0043 00000000 		.4byte	0
 591 0047 00000000 		.4byte	0
 592              	.LLST2:
 593 004b 00000000 		.4byte	.LVL5
 594 004f 0A000000 		.4byte	.LVL8
 595 0053 0100     		.2byte	0x1
 596 0055 51       		.byte	0x51
 597 0056 0A000000 		.4byte	.LVL8
 598 005a 14000000 		.4byte	.LVL11
 599 005e 0100     		.2byte	0x1
 600 0060 55       		.byte	0x55
 601 0061 14000000 		.4byte	.LVL11
 602 0065 1C000000 		.4byte	.LFE37
 603 0069 0100     		.2byte	0x1
 604 006b 51       		.byte	0x51
 605 006c 00000000 		.4byte	0
 606 0070 00000000 		.4byte	0
 607              	.LLST3:
 608 0074 00000000 		.4byte	.LVL5
 609 0078 08000000 		.4byte	.LVL7
 610 007c 0100     		.2byte	0x1
 611 007e 52       		.byte	0x52
 612 007f 08000000 		.4byte	.LVL7
 613 0083 1A000000 		.4byte	.LVL13
 614 0087 0100     		.2byte	0x1
 615 0089 56       		.byte	0x56
 616 008a 1A000000 		.4byte	.LVL13
 617 008e 1C000000 		.4byte	.LFE37
 618 0092 0100     		.2byte	0x1
 619 0094 50       		.byte	0x50
 620 0095 00000000 		.4byte	0
 621 0099 00000000 		.4byte	0
 622              	.LLST4:
 623 009d 04000000 		.4byte	.LVL6
 624 00a1 08000000 		.4byte	.LVL7
 625 00a5 0200     		.2byte	0x2
 626 00a7 30       		.byte	0x30
 627 00a8 9F       		.byte	0x9f
 628 00a9 08000000 		.4byte	.LVL7
 629 00ad 1A000000 		.4byte	.LVL12
 630 00b1 0100     		.2byte	0x1
 631 00b3 54       		.byte	0x54
 632 00b4 00000000 		.4byte	0
 633 00b8 00000000 		.4byte	0
 634              		.section	.debug_aranges,"",%progbits
 635 0000 24000000 		.4byte	0x24
 636 0004 0200     		.2byte	0x2
 637 0006 00000000 		.4byte	.Ldebug_info0
 638 000a 04       		.byte	0x4
 639 000b 00       		.byte	0
 640 000c 0000     		.2byte	0
 641 000e 0000     		.2byte	0
 642 0010 00000000 		.4byte	.LFB36
 643 0014 24000000 		.4byte	.LFE36-.LFB36
 644 0018 00000000 		.4byte	.LFB37
 645 001c 1C000000 		.4byte	.LFE37-.LFB37
ARM GAS  C:\Users\iron\AppData\Local\Temp\cc18AclY.s 			page 13


 646 0020 00000000 		.4byte	0
 647 0024 00000000 		.4byte	0
 648              		.section	.debug_ranges,"",%progbits
 649              	.Ldebug_ranges0:
 650 0000 00000000 		.4byte	.LFB36
 651 0004 24000000 		.4byte	.LFE36
 652 0008 00000000 		.4byte	.LFB37
 653 000c 1C000000 		.4byte	.LFE37
 654 0010 00000000 		.4byte	0
 655 0014 00000000 		.4byte	0
 656              		.section	.debug_line,"",%progbits
 657              	.Ldebug_line0:
 658 0000 2E010000 		.section	.debug_str,"MS",%progbits,1
 658      0200E400 
 658      00000201 
 658      FB0E0D00 
 658      01010101 
 659              	.LASF6:
 660 0000 6C6F6E67 		.ascii	"long long int\000"
 660      206C6F6E 
 660      6720696E 
 660      7400
 661              	.LASF22:
 662 000e 75696E74 		.ascii	"uint32\000"
 662      333200
 663              	.LASF8:
 664 0015 756E7369 		.ascii	"unsigned int\000"
 664      676E6564 
 664      20696E74 
 664      00
 665              	.LASF23:
 666 0022 6D61696E 		.ascii	"main\000"
 666      00
 667              	.LASF0:
 668 0027 7369676E 		.ascii	"signed char\000"
 668      65642063 
 668      68617200 
 669              	.LASF21:
 670 0033 443A5C67 		.ascii	"D:\\git\\kmc724\\CY8CKit\\Workspace\\UART_printf.cy"
 670      69745C6B 
 670      6D633732 
 670      345C4359 
 670      38434B69 
 671 0061 64736E00 		.ascii	"dsn\000"
 672              	.LASF17:
 673 0065 43794465 		.ascii	"CyDelay\000"
 673      6C617900 
 674              	.LASF5:
 675 006d 6C6F6E67 		.ascii	"long unsigned int\000"
 675      20756E73 
 675      69676E65 
 675      6420696E 
 675      7400
 676              	.LASF7:
 677 007f 6C6F6E67 		.ascii	"long long unsigned int\000"
 677      206C6F6E 
 677      6720756E 
ARM GAS  C:\Users\iron\AppData\Local\Temp\cc18AclY.s 			page 14


 677      7369676E 
 677      65642069 
 678              	.LASF24:
 679 0096 5F777269 		.ascii	"_write\000"
 679      746500
 680              	.LASF1:
 681 009d 756E7369 		.ascii	"unsigned char\000"
 681      676E6564 
 681      20636861 
 681      7200
 682              	.LASF11:
 683 00ab 63686172 		.ascii	"char\000"
 683      00
 684              	.LASF20:
 685 00b0 6D61696E 		.ascii	"main.c\000"
 685      2E6300
 686              	.LASF4:
 687 00b7 6C6F6E67 		.ascii	"long int\000"
 687      20696E74 
 687      00
 688              	.LASF14:
 689 00c0 66696C65 		.ascii	"file\000"
 689      00
 690              	.LASF13:
 691 00c5 646F7562 		.ascii	"double\000"
 691      6C6500
 692              	.LASF15:
 693 00cc 55415254 		.ascii	"UART_DBG_Start\000"
 693      5F444247 
 693      5F537461 
 693      727400
 694              	.LASF19:
 695 00db 474E5520 		.ascii	"GNU C11 5.4.1 20160609 (release) [ARM/embedded-5-br"
 695      43313120 
 695      352E342E 
 695      31203230 
 695      31363036 
 696 010e 616E6368 		.ascii	"anch revision 237715] -mcpu=cortex-m0 -mthumb -g -O"
 696      20726576 
 696      6973696F 
 696      6E203233 
 696      37373135 
 697 0141 67202D66 		.ascii	"g -ffunction-sections -ffat-lto-objects\000"
 697      66756E63 
 697      74696F6E 
 697      2D736563 
 697      74696F6E 
 698              	.LASF3:
 699 0169 73686F72 		.ascii	"short unsigned int\000"
 699      7420756E 
 699      7369676E 
 699      65642069 
 699      6E7400
 700              	.LASF16:
 701 017c 7072696E 		.ascii	"printf\000"
 701      746600
 702              	.LASF9:
ARM GAS  C:\Users\iron\AppData\Local\Temp\cc18AclY.s 			page 15


 703 0183 6C6F6E67 		.ascii	"long double\000"
 703      20646F75 
 703      626C6500 
 704              	.LASF12:
 705 018f 666C6F61 		.ascii	"float\000"
 705      7400
 706              	.LASF2:
 707 0195 73686F72 		.ascii	"short int\000"
 707      7420696E 
 707      7400
 708              	.LASF18:
 709 019f 55415254 		.ascii	"UART_DBG_SpiUartWriteTxData\000"
 709      5F444247 
 709      5F537069 
 709      55617274 
 709      57726974 
 710              	.LASF10:
 711 01bb 73697A65 		.ascii	"sizetype\000"
 711      74797065 
 711      00
 712              		.ident	"GCC: (GNU Tools for ARM Embedded Processors) 5.4.1 20160609 (release) [ARM/embedded-5-bran
