ARM GAS  C:\Users\iron\AppData\Local\Temp\ccbe8nyQ.s 			page 1


   1              		.syntax unified
   2              		.cpu cortex-m0
   3              		.fpu softvfp
   4              		.eabi_attribute 20, 1
   5              		.eabi_attribute 21, 1
   6              		.eabi_attribute 23, 3
   7              		.eabi_attribute 24, 1
   8              		.eabi_attribute 25, 1
   9              		.eabi_attribute 26, 1
  10              		.eabi_attribute 30, 1
  11              		.eabi_attribute 34, 0
  12              		.eabi_attribute 18, 4
  13              		.thumb
  14              		.syntax unified
  15              		.file	"debug.c"
  16              		.text
  17              	.Ltext0:
  18              		.cfi_sections	.debug_frame
  19              		.section	.text._write,"ax",%progbits
  20              		.align	2
  21              		.global	_write
  22              		.code	16
  23              		.thumb_func
  24              		.type	_write, %function
  25              	_write:
  26              	.LFB35:
  27              		.file 1 "debug.c"
   1:debug.c       **** #include "debug.h"
   2:debug.c       **** 
   3:debug.c       **** int _write(int file, char* ptr, int len)
   4:debug.c       **** {
  28              		.loc 1 4 0
  29              		.cfi_startproc
  30              		@ args = 0, pretend = 0, frame = 0
  31              		@ frame_needed = 0, uses_anonymous_args = 0
  32              	.LVL0:
  33 0000 70B5     		push	{r4, r5, r6, lr}
  34              		.cfi_def_cfa_offset 16
  35              		.cfi_offset 4, -16
  36              		.cfi_offset 5, -12
  37              		.cfi_offset 6, -8
  38              		.cfi_offset 14, -4
  39 0002 1600     		movs	r6, r2
  40              	.LVL1:
   5:debug.c       ****     int x;
   6:debug.c       ****     file = file;
   7:debug.c       ****     for (x = 0; x < len; x++)
  41              		.loc 1 7 0
  42 0004 0024     		movs	r4, #0
  43 0006 05E0     		b	.L2
  44              	.LVL2:
  45              	.L3:
   8:debug.c       ****     {
   9:debug.c       ****         UART_DBG_UartPutChar(*ptr++);
  46              		.loc 1 9 0 discriminator 3
  47 0008 4D1C     		adds	r5, r1, #1
  48              	.LVL3:
ARM GAS  C:\Users\iron\AppData\Local\Temp\ccbe8nyQ.s 			page 2


  49 000a 0878     		ldrb	r0, [r1]
  50 000c FFF7FEFF 		bl	UART_DBG_SpiUartWriteTxData
  51              	.LVL4:
   7:debug.c       ****     {
  52              		.loc 1 7 0 discriminator 3
  53 0010 0134     		adds	r4, r4, #1
  54              	.LVL5:
  55              		.loc 1 9 0 discriminator 3
  56 0012 2900     		movs	r1, r5
  57              	.LVL6:
  58              	.L2:
   7:debug.c       ****     {
  59              		.loc 1 7 0 discriminator 1
  60 0014 B442     		cmp	r4, r6
  61 0016 F7DB     		blt	.L3
  10:debug.c       ****     }
  11:debug.c       ****     return len;
  12:debug.c       **** }
  62              		.loc 1 12 0
  63 0018 3000     		movs	r0, r6
  64              		@ sp needed
  65              	.LVL7:
  66              	.LVL8:
  67 001a 70BD     		pop	{r4, r5, r6, pc}
  68              		.cfi_endproc
  69              	.LFE35:
  70              		.size	_write, .-_write
  71              		.text
  72              	.Letext0:
  73              		.file 2 "Generated_Source\\PSoC4/cytypes.h"
  74              		.file 3 "Generated_Source\\PSoC4/UART_DBG_SPI_UART.h"
  75              		.section	.debug_info,"",%progbits
  76              	.Ldebug_info0:
  77 0000 06010000 		.4byte	0x106
  78 0004 0400     		.2byte	0x4
  79 0006 00000000 		.4byte	.Ldebug_abbrev0
  80 000a 04       		.byte	0x4
  81 000b 01       		.uleb128 0x1
  82 000c 86000000 		.4byte	.LASF15
  83 0010 0C       		.byte	0xc
  84 0011 33010000 		.4byte	.LASF16
  85 0015 41010000 		.4byte	.LASF17
  86 0019 00000000 		.4byte	.Ldebug_ranges0+0
  87 001d 00000000 		.4byte	0
  88 0021 00000000 		.4byte	.Ldebug_line0
  89 0025 02       		.uleb128 0x2
  90 0026 01       		.byte	0x1
  91 0027 06       		.byte	0x6
  92 0028 27010000 		.4byte	.LASF0
  93 002c 02       		.uleb128 0x2
  94 002d 01       		.byte	0x1
  95 002e 08       		.byte	0x8
  96 002f 5E000000 		.4byte	.LASF1
  97 0033 02       		.uleb128 0x2
  98 0034 02       		.byte	0x2
  99 0035 05       		.byte	0x5
 100 0036 6F010000 		.4byte	.LASF2
ARM GAS  C:\Users\iron\AppData\Local\Temp\ccbe8nyQ.s 			page 3


 101 003a 02       		.uleb128 0x2
 102 003b 02       		.byte	0x2
 103 003c 07       		.byte	0x7
 104 003d 14010000 		.4byte	.LASF3
 105 0041 02       		.uleb128 0x2
 106 0042 04       		.byte	0x4
 107 0043 05       		.byte	0x5
 108 0044 71000000 		.4byte	.LASF4
 109 0048 02       		.uleb128 0x2
 110 0049 04       		.byte	0x4
 111 004a 07       		.byte	0x7
 112 004b 22000000 		.4byte	.LASF5
 113 004f 02       		.uleb128 0x2
 114 0050 08       		.byte	0x8
 115 0051 05       		.byte	0x5
 116 0052 00000000 		.4byte	.LASF6
 117 0056 02       		.uleb128 0x2
 118 0057 08       		.byte	0x8
 119 0058 07       		.byte	0x7
 120 0059 34000000 		.4byte	.LASF7
 121 005d 03       		.uleb128 0x3
 122 005e 04       		.byte	0x4
 123 005f 05       		.byte	0x5
 124 0060 696E7400 		.ascii	"int\000"
 125 0064 02       		.uleb128 0x2
 126 0065 04       		.byte	0x4
 127 0066 07       		.byte	0x7
 128 0067 15000000 		.4byte	.LASF8
 129 006b 04       		.uleb128 0x4
 130 006c 0E000000 		.4byte	.LASF18
 131 0070 02       		.byte	0x2
 132 0071 E601     		.2byte	0x1e6
 133 0073 48000000 		.4byte	0x48
 134 0077 02       		.uleb128 0x2
 135 0078 04       		.byte	0x4
 136 0079 04       		.byte	0x4
 137 007a 3B010000 		.4byte	.LASF9
 138 007e 02       		.uleb128 0x2
 139 007f 08       		.byte	0x8
 140 0080 04       		.byte	0x4
 141 0081 7F000000 		.4byte	.LASF10
 142 0085 02       		.uleb128 0x2
 143 0086 01       		.byte	0x1
 144 0087 08       		.byte	0x8
 145 0088 6C000000 		.4byte	.LASF11
 146 008c 02       		.uleb128 0x2
 147 008d 08       		.byte	0x8
 148 008e 04       		.byte	0x4
 149 008f 4B000000 		.4byte	.LASF12
 150 0093 02       		.uleb128 0x2
 151 0094 04       		.byte	0x4
 152 0095 07       		.byte	0x7
 153 0096 79010000 		.4byte	.LASF13
 154 009a 05       		.uleb128 0x5
 155 009b 04       		.byte	0x4
 156 009c 85000000 		.4byte	0x85
 157 00a0 06       		.uleb128 0x6
ARM GAS  C:\Users\iron\AppData\Local\Temp\ccbe8nyQ.s 			page 4


 158 00a1 57000000 		.4byte	.LASF19
 159 00a5 01       		.byte	0x1
 160 00a6 03       		.byte	0x3
 161 00a7 5D000000 		.4byte	0x5d
 162 00ab 00000000 		.4byte	.LFB35
 163 00af 1C000000 		.4byte	.LFE35-.LFB35
 164 00b3 01       		.uleb128 0x1
 165 00b4 9C       		.byte	0x9c
 166 00b5 FD000000 		.4byte	0xfd
 167 00b9 07       		.uleb128 0x7
 168 00ba 7A000000 		.4byte	.LASF14
 169 00be 01       		.byte	0x1
 170 00bf 03       		.byte	0x3
 171 00c0 5D000000 		.4byte	0x5d
 172 00c4 00000000 		.4byte	.LLST0
 173 00c8 08       		.uleb128 0x8
 174 00c9 70747200 		.ascii	"ptr\000"
 175 00cd 01       		.byte	0x1
 176 00ce 03       		.byte	0x3
 177 00cf 9A000000 		.4byte	0x9a
 178 00d3 21000000 		.4byte	.LLST1
 179 00d7 08       		.uleb128 0x8
 180 00d8 6C656E00 		.ascii	"len\000"
 181 00dc 01       		.byte	0x1
 182 00dd 03       		.byte	0x3
 183 00de 5D000000 		.4byte	0x5d
 184 00e2 4A000000 		.4byte	.LLST2
 185 00e6 09       		.uleb128 0x9
 186 00e7 7800     		.ascii	"x\000"
 187 00e9 01       		.byte	0x1
 188 00ea 05       		.byte	0x5
 189 00eb 5D000000 		.4byte	0x5d
 190 00ef 73000000 		.4byte	.LLST3
 191 00f3 0A       		.uleb128 0xa
 192 00f4 10000000 		.4byte	.LVL4
 193 00f8 FD000000 		.4byte	0xfd
 194 00fc 00       		.byte	0
 195 00fd 0B       		.uleb128 0xb
 196 00fe 82010000 		.4byte	.LASF20
 197 0102 82010000 		.4byte	.LASF20
 198 0106 03       		.byte	0x3
 199 0107 4403     		.2byte	0x344
 200 0109 00       		.byte	0
 201              		.section	.debug_abbrev,"",%progbits
 202              	.Ldebug_abbrev0:
 203 0000 01       		.uleb128 0x1
 204 0001 11       		.uleb128 0x11
 205 0002 01       		.byte	0x1
 206 0003 25       		.uleb128 0x25
 207 0004 0E       		.uleb128 0xe
 208 0005 13       		.uleb128 0x13
 209 0006 0B       		.uleb128 0xb
 210 0007 03       		.uleb128 0x3
 211 0008 0E       		.uleb128 0xe
 212 0009 1B       		.uleb128 0x1b
 213 000a 0E       		.uleb128 0xe
 214 000b 55       		.uleb128 0x55
ARM GAS  C:\Users\iron\AppData\Local\Temp\ccbe8nyQ.s 			page 5


 215 000c 17       		.uleb128 0x17
 216 000d 11       		.uleb128 0x11
 217 000e 01       		.uleb128 0x1
 218 000f 10       		.uleb128 0x10
 219 0010 17       		.uleb128 0x17
 220 0011 00       		.byte	0
 221 0012 00       		.byte	0
 222 0013 02       		.uleb128 0x2
 223 0014 24       		.uleb128 0x24
 224 0015 00       		.byte	0
 225 0016 0B       		.uleb128 0xb
 226 0017 0B       		.uleb128 0xb
 227 0018 3E       		.uleb128 0x3e
 228 0019 0B       		.uleb128 0xb
 229 001a 03       		.uleb128 0x3
 230 001b 0E       		.uleb128 0xe
 231 001c 00       		.byte	0
 232 001d 00       		.byte	0
 233 001e 03       		.uleb128 0x3
 234 001f 24       		.uleb128 0x24
 235 0020 00       		.byte	0
 236 0021 0B       		.uleb128 0xb
 237 0022 0B       		.uleb128 0xb
 238 0023 3E       		.uleb128 0x3e
 239 0024 0B       		.uleb128 0xb
 240 0025 03       		.uleb128 0x3
 241 0026 08       		.uleb128 0x8
 242 0027 00       		.byte	0
 243 0028 00       		.byte	0
 244 0029 04       		.uleb128 0x4
 245 002a 16       		.uleb128 0x16
 246 002b 00       		.byte	0
 247 002c 03       		.uleb128 0x3
 248 002d 0E       		.uleb128 0xe
 249 002e 3A       		.uleb128 0x3a
 250 002f 0B       		.uleb128 0xb
 251 0030 3B       		.uleb128 0x3b
 252 0031 05       		.uleb128 0x5
 253 0032 49       		.uleb128 0x49
 254 0033 13       		.uleb128 0x13
 255 0034 00       		.byte	0
 256 0035 00       		.byte	0
 257 0036 05       		.uleb128 0x5
 258 0037 0F       		.uleb128 0xf
 259 0038 00       		.byte	0
 260 0039 0B       		.uleb128 0xb
 261 003a 0B       		.uleb128 0xb
 262 003b 49       		.uleb128 0x49
 263 003c 13       		.uleb128 0x13
 264 003d 00       		.byte	0
 265 003e 00       		.byte	0
 266 003f 06       		.uleb128 0x6
 267 0040 2E       		.uleb128 0x2e
 268 0041 01       		.byte	0x1
 269 0042 3F       		.uleb128 0x3f
 270 0043 19       		.uleb128 0x19
 271 0044 03       		.uleb128 0x3
ARM GAS  C:\Users\iron\AppData\Local\Temp\ccbe8nyQ.s 			page 6


 272 0045 0E       		.uleb128 0xe
 273 0046 3A       		.uleb128 0x3a
 274 0047 0B       		.uleb128 0xb
 275 0048 3B       		.uleb128 0x3b
 276 0049 0B       		.uleb128 0xb
 277 004a 27       		.uleb128 0x27
 278 004b 19       		.uleb128 0x19
 279 004c 49       		.uleb128 0x49
 280 004d 13       		.uleb128 0x13
 281 004e 11       		.uleb128 0x11
 282 004f 01       		.uleb128 0x1
 283 0050 12       		.uleb128 0x12
 284 0051 06       		.uleb128 0x6
 285 0052 40       		.uleb128 0x40
 286 0053 18       		.uleb128 0x18
 287 0054 9742     		.uleb128 0x2117
 288 0056 19       		.uleb128 0x19
 289 0057 01       		.uleb128 0x1
 290 0058 13       		.uleb128 0x13
 291 0059 00       		.byte	0
 292 005a 00       		.byte	0
 293 005b 07       		.uleb128 0x7
 294 005c 05       		.uleb128 0x5
 295 005d 00       		.byte	0
 296 005e 03       		.uleb128 0x3
 297 005f 0E       		.uleb128 0xe
 298 0060 3A       		.uleb128 0x3a
 299 0061 0B       		.uleb128 0xb
 300 0062 3B       		.uleb128 0x3b
 301 0063 0B       		.uleb128 0xb
 302 0064 49       		.uleb128 0x49
 303 0065 13       		.uleb128 0x13
 304 0066 02       		.uleb128 0x2
 305 0067 17       		.uleb128 0x17
 306 0068 00       		.byte	0
 307 0069 00       		.byte	0
 308 006a 08       		.uleb128 0x8
 309 006b 05       		.uleb128 0x5
 310 006c 00       		.byte	0
 311 006d 03       		.uleb128 0x3
 312 006e 08       		.uleb128 0x8
 313 006f 3A       		.uleb128 0x3a
 314 0070 0B       		.uleb128 0xb
 315 0071 3B       		.uleb128 0x3b
 316 0072 0B       		.uleb128 0xb
 317 0073 49       		.uleb128 0x49
 318 0074 13       		.uleb128 0x13
 319 0075 02       		.uleb128 0x2
 320 0076 17       		.uleb128 0x17
 321 0077 00       		.byte	0
 322 0078 00       		.byte	0
 323 0079 09       		.uleb128 0x9
 324 007a 34       		.uleb128 0x34
 325 007b 00       		.byte	0
 326 007c 03       		.uleb128 0x3
 327 007d 08       		.uleb128 0x8
 328 007e 3A       		.uleb128 0x3a
ARM GAS  C:\Users\iron\AppData\Local\Temp\ccbe8nyQ.s 			page 7


 329 007f 0B       		.uleb128 0xb
 330 0080 3B       		.uleb128 0x3b
 331 0081 0B       		.uleb128 0xb
 332 0082 49       		.uleb128 0x49
 333 0083 13       		.uleb128 0x13
 334 0084 02       		.uleb128 0x2
 335 0085 17       		.uleb128 0x17
 336 0086 00       		.byte	0
 337 0087 00       		.byte	0
 338 0088 0A       		.uleb128 0xa
 339 0089 898201   		.uleb128 0x4109
 340 008c 00       		.byte	0
 341 008d 11       		.uleb128 0x11
 342 008e 01       		.uleb128 0x1
 343 008f 31       		.uleb128 0x31
 344 0090 13       		.uleb128 0x13
 345 0091 00       		.byte	0
 346 0092 00       		.byte	0
 347 0093 0B       		.uleb128 0xb
 348 0094 2E       		.uleb128 0x2e
 349 0095 00       		.byte	0
 350 0096 3F       		.uleb128 0x3f
 351 0097 19       		.uleb128 0x19
 352 0098 3C       		.uleb128 0x3c
 353 0099 19       		.uleb128 0x19
 354 009a 6E       		.uleb128 0x6e
 355 009b 0E       		.uleb128 0xe
 356 009c 03       		.uleb128 0x3
 357 009d 0E       		.uleb128 0xe
 358 009e 3A       		.uleb128 0x3a
 359 009f 0B       		.uleb128 0xb
 360 00a0 3B       		.uleb128 0x3b
 361 00a1 05       		.uleb128 0x5
 362 00a2 00       		.byte	0
 363 00a3 00       		.byte	0
 364 00a4 00       		.byte	0
 365              		.section	.debug_loc,"",%progbits
 366              	.Ldebug_loc0:
 367              	.LLST0:
 368 0000 00000000 		.4byte	.LVL0
 369 0004 08000000 		.4byte	.LVL2
 370 0008 0100     		.2byte	0x1
 371 000a 50       		.byte	0x50
 372 000b 08000000 		.4byte	.LVL2
 373 000f 1C000000 		.4byte	.LFE35
 374 0013 0400     		.2byte	0x4
 375 0015 F3       		.byte	0xf3
 376 0016 01       		.uleb128 0x1
 377 0017 50       		.byte	0x50
 378 0018 9F       		.byte	0x9f
 379 0019 00000000 		.4byte	0
 380 001d 00000000 		.4byte	0
 381              	.LLST1:
 382 0021 00000000 		.4byte	.LVL0
 383 0025 0A000000 		.4byte	.LVL3
 384 0029 0100     		.2byte	0x1
 385 002b 51       		.byte	0x51
ARM GAS  C:\Users\iron\AppData\Local\Temp\ccbe8nyQ.s 			page 8


 386 002c 0A000000 		.4byte	.LVL3
 387 0030 14000000 		.4byte	.LVL6
 388 0034 0100     		.2byte	0x1
 389 0036 55       		.byte	0x55
 390 0037 14000000 		.4byte	.LVL6
 391 003b 1C000000 		.4byte	.LFE35
 392 003f 0100     		.2byte	0x1
 393 0041 51       		.byte	0x51
 394 0042 00000000 		.4byte	0
 395 0046 00000000 		.4byte	0
 396              	.LLST2:
 397 004a 00000000 		.4byte	.LVL0
 398 004e 08000000 		.4byte	.LVL2
 399 0052 0100     		.2byte	0x1
 400 0054 52       		.byte	0x52
 401 0055 08000000 		.4byte	.LVL2
 402 0059 1A000000 		.4byte	.LVL8
 403 005d 0100     		.2byte	0x1
 404 005f 56       		.byte	0x56
 405 0060 1A000000 		.4byte	.LVL8
 406 0064 1C000000 		.4byte	.LFE35
 407 0068 0100     		.2byte	0x1
 408 006a 50       		.byte	0x50
 409 006b 00000000 		.4byte	0
 410 006f 00000000 		.4byte	0
 411              	.LLST3:
 412 0073 04000000 		.4byte	.LVL1
 413 0077 08000000 		.4byte	.LVL2
 414 007b 0200     		.2byte	0x2
 415 007d 30       		.byte	0x30
 416 007e 9F       		.byte	0x9f
 417 007f 08000000 		.4byte	.LVL2
 418 0083 1A000000 		.4byte	.LVL7
 419 0087 0100     		.2byte	0x1
 420 0089 54       		.byte	0x54
 421 008a 00000000 		.4byte	0
 422 008e 00000000 		.4byte	0
 423              		.section	.debug_aranges,"",%progbits
 424 0000 1C000000 		.4byte	0x1c
 425 0004 0200     		.2byte	0x2
 426 0006 00000000 		.4byte	.Ldebug_info0
 427 000a 04       		.byte	0x4
 428 000b 00       		.byte	0
 429 000c 0000     		.2byte	0
 430 000e 0000     		.2byte	0
 431 0010 00000000 		.4byte	.LFB35
 432 0014 1C000000 		.4byte	.LFE35-.LFB35
 433 0018 00000000 		.4byte	0
 434 001c 00000000 		.4byte	0
 435              		.section	.debug_ranges,"",%progbits
 436              	.Ldebug_ranges0:
 437 0000 00000000 		.4byte	.LFB35
 438 0004 1C000000 		.4byte	.LFE35
 439 0008 00000000 		.4byte	0
 440 000c 00000000 		.4byte	0
 441              		.section	.debug_line,"",%progbits
 442              	.Ldebug_line0:
ARM GAS  C:\Users\iron\AppData\Local\Temp\ccbe8nyQ.s 			page 9


 443 0000 82000000 		.section	.debug_str,"MS",%progbits,1
 443      02005900 
 443      00000201 
 443      FB0E0D00 
 443      01010101 
 444              	.LASF6:
 445 0000 6C6F6E67 		.ascii	"long long int\000"
 445      206C6F6E 
 445      6720696E 
 445      7400
 446              	.LASF18:
 447 000e 75696E74 		.ascii	"uint32\000"
 447      333200
 448              	.LASF8:
 449 0015 756E7369 		.ascii	"unsigned int\000"
 449      676E6564 
 449      20696E74 
 449      00
 450              	.LASF5:
 451 0022 6C6F6E67 		.ascii	"long unsigned int\000"
 451      20756E73 
 451      69676E65 
 451      6420696E 
 451      7400
 452              	.LASF7:
 453 0034 6C6F6E67 		.ascii	"long long unsigned int\000"
 453      206C6F6E 
 453      6720756E 
 453      7369676E 
 453      65642069 
 454              	.LASF12:
 455 004b 6C6F6E67 		.ascii	"long double\000"
 455      20646F75 
 455      626C6500 
 456              	.LASF19:
 457 0057 5F777269 		.ascii	"_write\000"
 457      746500
 458              	.LASF1:
 459 005e 756E7369 		.ascii	"unsigned char\000"
 459      676E6564 
 459      20636861 
 459      7200
 460              	.LASF11:
 461 006c 63686172 		.ascii	"char\000"
 461      00
 462              	.LASF4:
 463 0071 6C6F6E67 		.ascii	"long int\000"
 463      20696E74 
 463      00
 464              	.LASF14:
 465 007a 66696C65 		.ascii	"file\000"
 465      00
 466              	.LASF10:
 467 007f 646F7562 		.ascii	"double\000"
 467      6C6500
 468              	.LASF15:
 469 0086 474E5520 		.ascii	"GNU C11 5.4.1 20160609 (release) [ARM/embedded-5-br"
ARM GAS  C:\Users\iron\AppData\Local\Temp\ccbe8nyQ.s 			page 10


 469      43313120 
 469      352E342E 
 469      31203230 
 469      31363036 
 470 00b9 616E6368 		.ascii	"anch revision 237715] -mcpu=cortex-m0 -mthumb -g -O"
 470      20726576 
 470      6973696F 
 470      6E203233 
 470      37373135 
 471 00ec 67202D66 		.ascii	"g -ffunction-sections -ffat-lto-objects\000"
 471      66756E63 
 471      74696F6E 
 471      2D736563 
 471      74696F6E 
 472              	.LASF3:
 473 0114 73686F72 		.ascii	"short unsigned int\000"
 473      7420756E 
 473      7369676E 
 473      65642069 
 473      6E7400
 474              	.LASF0:
 475 0127 7369676E 		.ascii	"signed char\000"
 475      65642063 
 475      68617200 
 476              	.LASF16:
 477 0133 64656275 		.ascii	"debug.c\000"
 477      672E6300 
 478              	.LASF9:
 479 013b 666C6F61 		.ascii	"float\000"
 479      7400
 480              	.LASF17:
 481 0141 443A5C67 		.ascii	"D:\\git\\kmc724\\CY8CKit\\Workspace\\BLE_IMU.cydsn\000"
 481      69745C6B 
 481      6D633732 
 481      345C4359 
 481      38434B69 
 482              	.LASF2:
 483 016f 73686F72 		.ascii	"short int\000"
 483      7420696E 
 483      7400
 484              	.LASF13:
 485 0179 73697A65 		.ascii	"sizetype\000"
 485      74797065 
 485      00
 486              	.LASF20:
 487 0182 55415254 		.ascii	"UART_DBG_SpiUartWriteTxData\000"
 487      5F444247 
 487      5F537069 
 487      55617274 
 487      57726974 
 488              		.ident	"GCC: (GNU Tools for ARM Embedded Processors) 5.4.1 20160609 (release) [ARM/embedded-5-bran
