ARM GAS  C:\Users\iron\AppData\Local\Temp\ccM5V1N8.s 			page 1


   1              		.syntax unified
   2              		.cpu cortex-m0
   3              		.fpu softvfp
   4              		.eabi_attribute 20, 1
   5              		.eabi_attribute 21, 1
   6              		.eabi_attribute 23, 3
   7              		.eabi_attribute 24, 1
   8              		.eabi_attribute 25, 1
   9              		.eabi_attribute 26, 1
  10              		.eabi_attribute 30, 1
  11              		.eabi_attribute 34, 0
  12              		.eabi_attribute 18, 4
  13              		.thumb
  14              		.syntax unified
  15              		.file	"main.c"
  16              		.text
  17              	.Ltext0:
  18              		.cfi_sections	.debug_frame
  19              		.global	__aeabi_uidivmod
  20              		.section	.text.systick_isr_callback,"ax",%progbits
  21              		.align	2
  22              		.global	systick_isr_callback
  23              		.code	16
  24              		.thumb_func
  25              		.type	systick_isr_callback, %function
  26              	systick_isr_callback:
  27              	.LFB37:
  28              		.file 1 "main.c"
   1:main.c        **** #include <stdio.h>
   2:main.c        **** 
   3:main.c        **** #include "imu.h"
   4:main.c        **** #include "debug.h"
   5:main.c        **** #include "myble.h"
   6:main.c        **** 
   7:main.c        **** static uint32 ms_cnt = 0;
   8:main.c        **** #if (CYBLE_GAP_ROLE_PERIPHERAL)
   9:main.c        **** extern uint8 ble_mtu_rsp;
  10:main.c        **** #endif
  11:main.c        **** #if (CYBLE_GAP_ROLE_CENTRAL)
  12:main.c        **** extern uint8 ble_mtu_req;
  13:main.c        **** #endif
  14:main.c        **** uint8 ble_mtu_recv[256];
  15:main.c        **** 
  16:main.c        **** void systick_isr_callback(void);
  17:main.c        **** 
  18:main.c        **** int main(void)
  19:main.c        **** {
  20:main.c        ****     CyGlobalIntEnable;
  21:main.c        **** 
  22:main.c        ****     IMU imu;
  23:main.c        ****     CYBLE_GATTS_HANDLE_VALUE_NTF_T ntf;
  24:main.c        ****     
  25:main.c        ****     CySysTickStart();
  26:main.c        ****     UART_DBG_Start();
  27:main.c        ****     UART_IMU_Start();
  28:main.c        ****     CyBle_Start(ble_callback);
  29:main.c        ****     
ARM GAS  C:\Users\iron\AppData\Local\Temp\ccM5V1N8.s 			page 2


  30:main.c        **** //#if (CYBLE_GAP_ROLE_PERIPHERAL)
  31:main.c        ****     EBIMU_send_command(SET_OUTPUT_RATE, 0);
  32:main.c        ****     EBIMU_send_command(SET_OUTPUT_CODE, 2);
  33:main.c        ****     EBIMU_send_command(SET_OUTPUT_GYRO, 1);
  34:main.c        ****     EBIMU_send_command(SET_OUTPUT_ACCELERO, 1);
  35:main.c        ****     EBIMU_send_command(SET_OUTPUT_MAGNETO, 1);
  36:main.c        **** //#endif
  37:main.c        **** 
  38:main.c        ****     for (uint8 i = 0; i < CY_SYS_SYST_NUM_OF_CALLBACKS; i++)
  39:main.c        ****     {
  40:main.c        ****         if (CySysTickGetCallback(i) == NULL)
  41:main.c        ****         {
  42:main.c        ****             CySysTickSetCallback(i, systick_isr_callback);
  43:main.c        ****             break;
  44:main.c        ****         }
  45:main.c        ****     }
  46:main.c        ****     
  47:main.c        ****     while (1)
  48:main.c        ****     {
  49:main.c        ****         if (cyBle_state == CYBLE_STATE_CONNECTED)
  50:main.c        ****         {
  51:main.c        **** //#if (CYBLE_GAP_ROLE_PERIPHERAL)
  52:main.c        ****             if(CyBle_GattGetBusStatus() == CYBLE_STACK_STATE_FREE)
  53:main.c        ****             {
  54:main.c        **** #if (CYBLE_GAP_ROLE_PERIPHERAL)
  55:main.c        ****                 if (ble_mtu_rsp == TRUE)
  56:main.c        **** #endif
  57:main.c        **** #if (CYBLE_GAP_ROLE_CENTRAL)
  58:main.c        ****                 if (ble_mtu_req == TRUE)
  59:main.c        **** #endif
  60:main.c        ****                 {
  61:main.c        ****                     if (ms_cnt == 0) // 100ms
  62:main.c        ****                     {
  63:main.c        ****                         imu = EBIMU_recv_data();
  64:main.c        ****                         
  65:main.c        ****                         ntf.attrHandle = 0x0001;
  66:main.c        ****                         ntf.value.val = (uint8*)&imu;
  67:main.c        ****                         ntf.value.len = sizeof(IMU);
  68:main.c        ****                         
  69:main.c        ****                         CyBle_GattsNotification(cyBle_connHandle, &ntf);
  70:main.c        ****                     }
  71:main.c        ****                 }
  72:main.c        ****             }
  73:main.c        **** //#endif
  74:main.c        ****         }
  75:main.c        ****         CyBle_ProcessEvents();
  76:main.c        ****     }
  77:main.c        **** }
  78:main.c        **** 
  79:main.c        **** void systick_isr_callback(void)
  80:main.c        **** {
  29              		.loc 1 80 0
  30              		.cfi_startproc
  31              		@ args = 0, pretend = 0, frame = 0
  32              		@ frame_needed = 0, uses_anonymous_args = 0
  33 0000 10B5     		push	{r4, lr}
  34              		.cfi_def_cfa_offset 8
ARM GAS  C:\Users\iron\AppData\Local\Temp\ccM5V1N8.s 			page 3


  35              		.cfi_offset 4, -8
  36              		.cfi_offset 14, -4
  81:main.c        ****     // Callback 1 ms
  82:main.c        ****     ms_cnt = (ms_cnt + 1) % 100;
  37              		.loc 1 82 0
  38 0002 044C     		ldr	r4, .L2
  39 0004 2368     		ldr	r3, [r4]
  40 0006 581C     		adds	r0, r3, #1
  41 0008 6421     		movs	r1, #100
  42 000a FFF7FEFF 		bl	__aeabi_uidivmod
  43              	.LVL0:
  44 000e 2160     		str	r1, [r4]
  83:main.c        **** }
  45              		.loc 1 83 0
  46              		@ sp needed
  47 0010 10BD     		pop	{r4, pc}
  48              	.L3:
  49 0012 C046     		.align	2
  50              	.L2:
  51 0014 00000000 		.word	.LANCHOR0
  52              		.cfi_endproc
  53              	.LFE37:
  54              		.size	systick_isr_callback, .-systick_isr_callback
  55              		.section	.text.main,"ax",%progbits
  56              		.align	2
  57              		.global	main
  58              		.code	16
  59              		.thumb_func
  60              		.type	main, %function
  61              	main:
  62              	.LFB36:
  19:main.c        ****     CyGlobalIntEnable;
  63              		.loc 1 19 0
  64              		.cfi_startproc
  65              		@ args = 0, pretend = 0, frame = 512
  66              		@ frame_needed = 0, uses_anonymous_args = 0
  67 0000 30B5     		push	{r4, r5, lr}
  68              		.cfi_def_cfa_offset 12
  69              		.cfi_offset 4, -12
  70              		.cfi_offset 5, -8
  71              		.cfi_offset 14, -4
  72 0002 314C     		ldr	r4, .L11
  73 0004 A544     		add	sp, sp, r4
  74              		.cfi_def_cfa_offset 528
  20:main.c        **** 
  75              		.loc 1 20 0
  76              		.syntax divided
  77              	@ 20 "main.c" 1
  78 0006 62B6     		CPSIE   i
  79              	@ 0 "" 2
  25:main.c        ****     UART_DBG_Start();
  80              		.loc 1 25 0
  81              		.thumb
  82              		.syntax unified
  83 0008 FFF7FEFF 		bl	CySysTickStart
  84              	.LVL1:
  26:main.c        ****     UART_IMU_Start();
ARM GAS  C:\Users\iron\AppData\Local\Temp\ccM5V1N8.s 			page 4


  85              		.loc 1 26 0
  86 000c FFF7FEFF 		bl	UART_DBG_Start
  87              	.LVL2:
  27:main.c        ****     CyBle_Start(ble_callback);
  88              		.loc 1 27 0
  89 0010 FFF7FEFF 		bl	UART_IMU_Start
  90              	.LVL3:
  28:main.c        ****     
  91              		.loc 1 28 0
  92 0014 2D48     		ldr	r0, .L11+4
  93 0016 FFF7FEFF 		bl	CyBle_Start
  94              	.LVL4:
  31:main.c        ****     EBIMU_send_command(SET_OUTPUT_CODE, 2);
  95              		.loc 1 31 0
  96 001a 0022     		movs	r2, #0
  97 001c 0023     		movs	r3, #0
  98 001e 0120     		movs	r0, #1
  99 0020 FFF7FEFF 		bl	EBIMU_send_command
 100              	.LVL5:
  32:main.c        ****     EBIMU_send_command(SET_OUTPUT_GYRO, 1);
 101              		.loc 1 32 0
 102 0024 0022     		movs	r2, #0
 103 0026 8023     		movs	r3, #128
 104 0028 DB05     		lsls	r3, r3, #23
 105 002a 0220     		movs	r0, #2
 106 002c FFF7FEFF 		bl	EBIMU_send_command
 107              	.LVL6:
  33:main.c        ****     EBIMU_send_command(SET_OUTPUT_ACCELERO, 1);
 108              		.loc 1 33 0
 109 0030 0024     		movs	r4, #0
 110 0032 274D     		ldr	r5, .L11+8
 111 0034 2200     		movs	r2, r4
 112 0036 2B00     		movs	r3, r5
 113 0038 0420     		movs	r0, #4
 114 003a FFF7FEFF 		bl	EBIMU_send_command
 115              	.LVL7:
  34:main.c        ****     EBIMU_send_command(SET_OUTPUT_MAGNETO, 1);
 116              		.loc 1 34 0
 117 003e 2200     		movs	r2, r4
 118 0040 2B00     		movs	r3, r5
 119 0042 0520     		movs	r0, #5
 120 0044 FFF7FEFF 		bl	EBIMU_send_command
 121              	.LVL8:
  35:main.c        **** //#endif
 122              		.loc 1 35 0
 123 0048 2200     		movs	r2, r4
 124 004a 2B00     		movs	r3, r5
 125 004c 0620     		movs	r0, #6
 126 004e FFF7FEFF 		bl	EBIMU_send_command
 127              	.LVL9:
 128              	.LBB2:
  38:main.c        ****     {
 129              		.loc 1 38 0
 130 0052 0024     		movs	r4, #0
 131 0054 0BE0     		b	.L5
 132              	.LVL10:
 133              	.L8:
ARM GAS  C:\Users\iron\AppData\Local\Temp\ccM5V1N8.s 			page 5


  40:main.c        ****         {
 134              		.loc 1 40 0
 135 0056 2000     		movs	r0, r4
 136 0058 FFF7FEFF 		bl	CySysTickGetCallback
 137              	.LVL11:
 138 005c 0028     		cmp	r0, #0
 139 005e 04D1     		bne	.L6
  42:main.c        ****             break;
 140              		.loc 1 42 0
 141 0060 1C49     		ldr	r1, .L11+12
 142 0062 2000     		movs	r0, r4
 143 0064 FFF7FEFF 		bl	CySysTickSetCallback
 144              	.LVL12:
  43:main.c        ****         }
 145              		.loc 1 43 0
 146 0068 03E0     		b	.L7
 147              	.L6:
  38:main.c        ****     {
 148              		.loc 1 38 0 discriminator 2
 149 006a 0134     		adds	r4, r4, #1
 150              	.LVL13:
 151 006c E4B2     		uxtb	r4, r4
 152              	.LVL14:
 153              	.L5:
  38:main.c        ****     {
 154              		.loc 1 38 0 is_stmt 0 discriminator 1
 155 006e 042C     		cmp	r4, #4
 156 0070 F1D9     		bls	.L8
 157              	.LVL15:
 158              	.L7:
 159              	.LBE2:
  49:main.c        ****         {
 160              		.loc 1 49 0 is_stmt 1
 161 0072 194B     		ldr	r3, .L11+16
 162 0074 1B78     		ldrb	r3, [r3]
 163 0076 022B     		cmp	r3, #2
 164 0078 22D1     		bne	.L10
  52:main.c        ****             {
 165              		.loc 1 52 0
 166 007a 184B     		ldr	r3, .L11+20
 167 007c 1B78     		ldrb	r3, [r3]
 168 007e 002B     		cmp	r3, #0
 169 0080 1ED1     		bne	.L10
  58:main.c        **** #endif
 170              		.loc 1 58 0
 171 0082 174B     		ldr	r3, .L11+24
 172 0084 1B78     		ldrb	r3, [r3]
 173 0086 012B     		cmp	r3, #1
 174 0088 1AD1     		bne	.L10
  61:main.c        ****                     {
 175              		.loc 1 61 0
 176 008a 164B     		ldr	r3, .L11+28
 177 008c 1B68     		ldr	r3, [r3]
 178 008e 002B     		cmp	r3, #0
 179 0090 16D1     		bne	.L10
  63:main.c        ****                         
 180              		.loc 1 63 0
ARM GAS  C:\Users\iron\AppData\Local\Temp\ccM5V1N8.s 			page 6


 181 0092 42AC     		add	r4, sp, #264
 182 0094 6846     		mov	r0, sp
 183 0096 FFF7FEFF 		bl	EBIMU_recv_data
 184              	.LVL16:
 185 009a F822     		movs	r2, #248
 186 009c 6946     		mov	r1, sp
 187 009e 2000     		movs	r0, r4
 188 00a0 FFF7FEFF 		bl	memcpy
 189              	.LVL17:
  65:main.c        ****                         ntf.value.val = (uint8*)&imu;
 190              		.loc 1 65 0
 191 00a4 3FAB     		add	r3, sp, #252
 192 00a6 0122     		movs	r2, #1
 193 00a8 1A81     		strh	r2, [r3, #8]
  66:main.c        ****                         ntf.value.len = sizeof(IMU);
 194              		.loc 1 66 0
 195 00aa 3F94     		str	r4, [sp, #252]
  67:main.c        ****                         
 196              		.loc 1 67 0
 197 00ac F732     		adds	r2, r2, #247
 198 00ae 9A80     		strh	r2, [r3, #4]
  69:main.c        ****                     }
 199              		.loc 1 69 0
 200 00b0 0D4A     		ldr	r2, .L11+32
 201 00b2 1378     		ldrb	r3, [r2]
 202 00b4 5078     		ldrb	r0, [r2, #1]
 203 00b6 0002     		lsls	r0, r0, #8
 204 00b8 1843     		orrs	r0, r3
 205 00ba 3FA9     		add	r1, sp, #252
 206 00bc FFF7FEFF 		bl	CyBle_GattsNotification
 207              	.LVL18:
 208              	.L10:
  75:main.c        ****     }
 209              		.loc 1 75 0
 210 00c0 FFF7FEFF 		bl	CyBle_ProcessEvents
 211              	.LVL19:
  76:main.c        **** }
 212              		.loc 1 76 0
 213 00c4 D5E7     		b	.L7
 214              	.L12:
 215 00c6 C046     		.align	2
 216              	.L11:
 217 00c8 FCFDFFFF 		.word	-516
 218 00cc 00000000 		.word	ble_callback
 219 00d0 0000F03F 		.word	1072693248
 220 00d4 00000000 		.word	systick_isr_callback
 221 00d8 00000000 		.word	cyBle_state
 222 00dc 00000000 		.word	cyBle_busyStatus
 223 00e0 00000000 		.word	ble_mtu_req
 224 00e4 00000000 		.word	.LANCHOR0
 225 00e8 00000000 		.word	cyBle_connHandle
 226              		.cfi_endproc
 227              	.LFE36:
 228              		.size	main, .-main
 229              		.comm	ble_mtu_recv,256,4
 230              		.bss
 231              		.align	2
ARM GAS  C:\Users\iron\AppData\Local\Temp\ccM5V1N8.s 			page 7


 232              		.set	.LANCHOR0,. + 0
 233              		.type	ms_cnt, %object
 234              		.size	ms_cnt, 4
 235              	ms_cnt:
 236 0000 00000000 		.space	4
 237              		.text
 238              	.Letext0:
 239              		.file 2 "Generated_Source\\PSoC4/cytypes.h"
 240              		.file 3 "Generated_Source\\PSoC4/BLE_StackGatt.h"
 241              		.file 4 "Generated_Source\\PSoC4/BLE_StackGattServer.h"
 242              		.file 5 "Generated_Source\\PSoC4/BLE_Stack.h"
 243              		.file 6 "Generated_Source\\PSoC4/BLE_eventHandler.h"
 244              		.file 7 "imu.h"
 245              		.file 8 "Generated_Source\\PSoC4/CyLib.h"
 246              		.file 9 "Generated_Source\\PSoC4/UART_DBG.h"
 247              		.file 10 "Generated_Source\\PSoC4/UART_IMU.h"
 248              		.file 11 "Generated_Source\\PSoC4/BLE.h"
 249              		.section	.debug_info,"",%progbits
 250              	.Ldebug_info0:
 251 0000 69070000 		.4byte	0x769
 252 0004 0400     		.2byte	0x4
 253 0006 00000000 		.4byte	.Ldebug_abbrev0
 254 000a 04       		.byte	0x4
 255 000b 01       		.uleb128 0x1
 256 000c 8F010000 		.4byte	.LASF175
 257 0010 0C       		.byte	0xc
 258 0011 830A0000 		.4byte	.LASF176
 259 0015 15100000 		.4byte	.LASF177
 260 0019 00000000 		.4byte	.Ldebug_ranges0+0
 261 001d 00000000 		.4byte	0
 262 0021 00000000 		.4byte	.Ldebug_line0
 263 0025 02       		.uleb128 0x2
 264 0026 01       		.byte	0x1
 265 0027 06       		.byte	0x6
 266 0028 E0000000 		.4byte	.LASF0
 267 002c 02       		.uleb128 0x2
 268 002d 01       		.byte	0x1
 269 002e 08       		.byte	0x8
 270 002f 280B0000 		.4byte	.LASF1
 271 0033 02       		.uleb128 0x2
 272 0034 02       		.byte	0x2
 273 0035 05       		.byte	0x5
 274 0036 880B0000 		.4byte	.LASF2
 275 003a 02       		.uleb128 0x2
 276 003b 02       		.byte	0x2
 277 003c 07       		.byte	0x7
 278 003d 9E060000 		.4byte	.LASF3
 279 0041 02       		.uleb128 0x2
 280 0042 04       		.byte	0x4
 281 0043 05       		.byte	0x5
 282 0044 86010000 		.4byte	.LASF4
 283 0048 02       		.uleb128 0x2
 284 0049 04       		.byte	0x4
 285 004a 07       		.byte	0x7
 286 004b EF050000 		.4byte	.LASF5
 287 004f 02       		.uleb128 0x2
 288 0050 08       		.byte	0x8
ARM GAS  C:\Users\iron\AppData\Local\Temp\ccM5V1N8.s 			page 8


 289 0051 05       		.byte	0x5
 290 0052 0E030000 		.4byte	.LASF6
 291 0056 02       		.uleb128 0x2
 292 0057 08       		.byte	0x8
 293 0058 07       		.byte	0x7
 294 0059 4D020000 		.4byte	.LASF7
 295 005d 03       		.uleb128 0x3
 296 005e 04       		.byte	0x4
 297 005f 05       		.byte	0x5
 298 0060 696E7400 		.ascii	"int\000"
 299 0064 02       		.uleb128 0x2
 300 0065 04       		.byte	0x4
 301 0066 07       		.byte	0x7
 302 0067 AA050000 		.4byte	.LASF8
 303 006b 02       		.uleb128 0x2
 304 006c 08       		.byte	0x8
 305 006d 04       		.byte	0x4
 306 006e 060D0000 		.4byte	.LASF9
 307 0072 02       		.uleb128 0x2
 308 0073 04       		.byte	0x4
 309 0074 07       		.byte	0x7
 310 0075 F7080000 		.4byte	.LASF10
 311 0079 02       		.uleb128 0x2
 312 007a 01       		.byte	0x1
 313 007b 08       		.byte	0x8
 314 007c 120D0000 		.4byte	.LASF11
 315 0080 04       		.uleb128 0x4
 316 0081 98040000 		.4byte	.LASF12
 317 0085 02       		.byte	0x2
 318 0086 E401     		.2byte	0x1e4
 319 0088 2C000000 		.4byte	0x2c
 320 008c 04       		.uleb128 0x4
 321 008d 360B0000 		.4byte	.LASF13
 322 0091 02       		.byte	0x2
 323 0092 E501     		.2byte	0x1e5
 324 0094 3A000000 		.4byte	0x3a
 325 0098 04       		.uleb128 0x4
 326 0099 F1040000 		.4byte	.LASF14
 327 009d 02       		.byte	0x2
 328 009e E601     		.2byte	0x1e6
 329 00a0 48000000 		.4byte	0x48
 330 00a4 02       		.uleb128 0x2
 331 00a5 04       		.byte	0x4
 332 00a6 04       		.byte	0x4
 333 00a7 DC0A0000 		.4byte	.LASF15
 334 00ab 02       		.uleb128 0x2
 335 00ac 08       		.byte	0x8
 336 00ad 04       		.byte	0x4
 337 00ae D5040000 		.4byte	.LASF16
 338 00b2 05       		.uleb128 0x5
 339 00b3 80000000 		.4byte	0x80
 340 00b7 06       		.uleb128 0x6
 341 00b8 04       		.byte	0x4
 342 00b9 80000000 		.4byte	0x80
 343 00bd 07       		.uleb128 0x7
 344 00be 01       		.byte	0x1
 345 00bf 2C000000 		.4byte	0x2c
ARM GAS  C:\Users\iron\AppData\Local\Temp\ccM5V1N8.s 			page 9


 346 00c3 05       		.byte	0x5
 347 00c4 3201     		.2byte	0x132
 348 00c6 7B020000 		.4byte	0x27b
 349 00ca 08       		.uleb128 0x8
 350 00cb F1030000 		.4byte	.LASF17
 351 00cf 00       		.byte	0
 352 00d0 08       		.uleb128 0x8
 353 00d1 34030000 		.4byte	.LASF18
 354 00d5 01       		.byte	0x1
 355 00d6 08       		.uleb128 0x8
 356 00d7 F40C0000 		.4byte	.LASF19
 357 00db 02       		.byte	0x2
 358 00dc 08       		.uleb128 0x8
 359 00dd 260E0000 		.4byte	.LASF20
 360 00e1 03       		.byte	0x3
 361 00e2 08       		.uleb128 0x8
 362 00e3 77020000 		.4byte	.LASF21
 363 00e7 04       		.byte	0x4
 364 00e8 08       		.uleb128 0x8
 365 00e9 1E000000 		.4byte	.LASF22
 366 00ed 05       		.byte	0x5
 367 00ee 08       		.uleb128 0x8
 368 00ef E5060000 		.4byte	.LASF23
 369 00f3 06       		.byte	0x6
 370 00f4 08       		.uleb128 0x8
 371 00f5 6B080000 		.4byte	.LASF24
 372 00f9 20       		.byte	0x20
 373 00fa 08       		.uleb128 0x8
 374 00fb 8A030000 		.4byte	.LASF25
 375 00ff 21       		.byte	0x21
 376 0100 08       		.uleb128 0x8
 377 0101 FE060000 		.4byte	.LASF26
 378 0105 22       		.byte	0x22
 379 0106 08       		.uleb128 0x8
 380 0107 000E0000 		.4byte	.LASF27
 381 010b 23       		.byte	0x23
 382 010c 08       		.uleb128 0x8
 383 010d 070A0000 		.4byte	.LASF28
 384 0111 24       		.byte	0x24
 385 0112 08       		.uleb128 0x8
 386 0113 4F090000 		.4byte	.LASF29
 387 0117 25       		.byte	0x25
 388 0118 08       		.uleb128 0x8
 389 0119 69040000 		.4byte	.LASF30
 390 011d 26       		.byte	0x26
 391 011e 08       		.uleb128 0x8
 392 011f 22070000 		.4byte	.LASF31
 393 0123 27       		.byte	0x27
 394 0124 08       		.uleb128 0x8
 395 0125 360D0000 		.4byte	.LASF32
 396 0129 28       		.byte	0x28
 397 012a 08       		.uleb128 0x8
 398 012b D0020000 		.4byte	.LASF33
 399 012f 29       		.byte	0x29
 400 0130 08       		.uleb128 0x8
 401 0131 01060000 		.4byte	.LASF34
 402 0135 2A       		.byte	0x2a
ARM GAS  C:\Users\iron\AppData\Local\Temp\ccM5V1N8.s 			page 10


 403 0136 08       		.uleb128 0x8
 404 0137 47030000 		.4byte	.LASF35
 405 013b 2B       		.byte	0x2b
 406 013c 08       		.uleb128 0x8
 407 013d 830F0000 		.4byte	.LASF36
 408 0141 2C       		.byte	0x2c
 409 0142 08       		.uleb128 0x8
 410 0143 B30B0000 		.4byte	.LASF37
 411 0147 2D       		.byte	0x2d
 412 0148 08       		.uleb128 0x8
 413 0149 3D0B0000 		.4byte	.LASF38
 414 014d 2E       		.byte	0x2e
 415 014e 08       		.uleb128 0x8
 416 014f 3F0E0000 		.4byte	.LASF39
 417 0153 2F       		.byte	0x2f
 418 0154 08       		.uleb128 0x8
 419 0155 B5090000 		.4byte	.LASF40
 420 0159 30       		.byte	0x30
 421 015a 08       		.uleb128 0x8
 422 015b 48100000 		.4byte	.LASF41
 423 015f 31       		.byte	0x31
 424 0160 08       		.uleb128 0x8
 425 0161 94090000 		.4byte	.LASF42
 426 0165 32       		.byte	0x32
 427 0166 08       		.uleb128 0x8
 428 0167 BA0C0000 		.4byte	.LASF43
 429 016b 33       		.byte	0x33
 430 016c 08       		.uleb128 0x8
 431 016d C40A0000 		.4byte	.LASF44
 432 0171 34       		.byte	0x34
 433 0172 08       		.uleb128 0x8
 434 0173 D6090000 		.4byte	.LASF45
 435 0177 35       		.byte	0x35
 436 0178 08       		.uleb128 0x8
 437 0179 88070000 		.4byte	.LASF46
 438 017d 36       		.byte	0x36
 439 017e 08       		.uleb128 0x8
 440 017f 95080000 		.4byte	.LASF47
 441 0183 37       		.byte	0x37
 442 0184 08       		.uleb128 0x8
 443 0185 A00C0000 		.4byte	.LASF48
 444 0189 40       		.byte	0x40
 445 018a 08       		.uleb128 0x8
 446 018b 34080000 		.4byte	.LASF49
 447 018f 41       		.byte	0x41
 448 0190 08       		.uleb128 0x8
 449 0191 A2100000 		.4byte	.LASF50
 450 0195 42       		.byte	0x42
 451 0196 08       		.uleb128 0x8
 452 0197 680E0000 		.4byte	.LASF51
 453 019b 43       		.byte	0x43
 454 019c 08       		.uleb128 0x8
 455 019d 2A060000 		.4byte	.LASF52
 456 01a1 44       		.byte	0x44
 457 01a2 08       		.uleb128 0x8
 458 01a3 0B010000 		.4byte	.LASF53
 459 01a7 45       		.byte	0x45
ARM GAS  C:\Users\iron\AppData\Local\Temp\ccM5V1N8.s 			page 11


 460 01a8 08       		.uleb128 0x8
 461 01a9 C7070000 		.4byte	.LASF54
 462 01ad 46       		.byte	0x46
 463 01ae 08       		.uleb128 0x8
 464 01af C7060000 		.4byte	.LASF55
 465 01b3 47       		.byte	0x47
 466 01b4 08       		.uleb128 0x8
 467 01b5 5C0F0000 		.4byte	.LASF56
 468 01b9 48       		.byte	0x48
 469 01ba 08       		.uleb128 0x8
 470 01bb BC030000 		.4byte	.LASF57
 471 01bf 49       		.byte	0x49
 472 01c0 08       		.uleb128 0x8
 473 01c1 00000000 		.4byte	.LASF58
 474 01c5 4A       		.byte	0x4a
 475 01c6 08       		.uleb128 0x8
 476 01c7 170D0000 		.4byte	.LASF59
 477 01cb 4B       		.byte	0x4b
 478 01cc 08       		.uleb128 0x8
 479 01cd 6E070000 		.4byte	.LASF60
 480 01d1 4C       		.byte	0x4c
 481 01d2 08       		.uleb128 0x8
 482 01d3 7A090000 		.4byte	.LASF61
 483 01d7 4D       		.byte	0x4d
 484 01d8 08       		.uleb128 0x8
 485 01d9 1D040000 		.4byte	.LASF62
 486 01dd 4E       		.byte	0x4e
 487 01de 08       		.uleb128 0x8
 488 01df 1C0C0000 		.4byte	.LASF63
 489 01e3 4F       		.byte	0x4f
 490 01e4 08       		.uleb128 0x8
 491 01e5 EC000000 		.4byte	.LASF64
 492 01e9 50       		.byte	0x50
 493 01ea 08       		.uleb128 0x8
 494 01eb 9E040000 		.4byte	.LASF65
 495 01ef 51       		.byte	0x51
 496 01f0 08       		.uleb128 0x8
 497 01f1 3D0A0000 		.4byte	.LASF66
 498 01f5 52       		.byte	0x52
 499 01f6 08       		.uleb128 0x8
 500 01f7 920B0000 		.4byte	.LASF67
 501 01fb 53       		.byte	0x53
 502 01fc 08       		.uleb128 0x8
 503 01fd 7F0C0000 		.4byte	.LASF68
 504 0201 54       		.byte	0x54
 505 0202 08       		.uleb128 0x8
 506 0203 48060000 		.4byte	.LASF69
 507 0207 55       		.byte	0x55
 508 0208 08       		.uleb128 0x8
 509 0209 88050000 		.4byte	.LASF70
 510 020d 56       		.byte	0x56
 511 020e 08       		.uleb128 0x8
 512 020f 6F0D0000 		.4byte	.LASF71
 513 0213 57       		.byte	0x57
 514 0214 08       		.uleb128 0x8
 515 0215 6C060000 		.4byte	.LASF72
 516 0219 58       		.byte	0x58
ARM GAS  C:\Users\iron\AppData\Local\Temp\ccM5V1N8.s 			page 12


 517 021a 08       		.uleb128 0x8
 518 021b 9D020000 		.4byte	.LASF73
 519 021f 70       		.byte	0x70
 520 0220 08       		.uleb128 0x8
 521 0221 EF0F0000 		.4byte	.LASF74
 522 0225 71       		.byte	0x71
 523 0226 08       		.uleb128 0x8
 524 0227 4F080000 		.4byte	.LASF75
 525 022b 72       		.byte	0x72
 526 022c 08       		.uleb128 0x8
 527 022d CA080000 		.4byte	.LASF76
 528 0231 73       		.byte	0x73
 529 0232 08       		.uleb128 0x8
 530 0233 8A0A0000 		.4byte	.LASF77
 531 0237 74       		.byte	0x74
 532 0238 08       		.uleb128 0x8
 533 0239 BE0F0000 		.4byte	.LASF78
 534 023d 75       		.byte	0x75
 535 023e 08       		.uleb128 0x8
 536 023f BF000000 		.4byte	.LASF79
 537 0243 76       		.byte	0x76
 538 0244 08       		.uleb128 0x8
 539 0245 4E000000 		.4byte	.LASF80
 540 0249 77       		.byte	0x77
 541 024a 08       		.uleb128 0x8
 542 024b 980D0000 		.4byte	.LASF81
 543 024f 78       		.byte	0x78
 544 0250 08       		.uleb128 0x8
 545 0251 D00D0000 		.4byte	.LASF82
 546 0255 79       		.byte	0x79
 547 0256 08       		.uleb128 0x8
 548 0257 21050000 		.4byte	.LASF83
 549 025b 7A       		.byte	0x7a
 550 025c 08       		.uleb128 0x8
 551 025d 91000000 		.4byte	.LASF84
 552 0261 FA       		.byte	0xfa
 553 0262 08       		.uleb128 0x8
 554 0263 B7050000 		.4byte	.LASF85
 555 0267 FB       		.byte	0xfb
 556 0268 08       		.uleb128 0x8
 557 0269 DC0B0000 		.4byte	.LASF86
 558 026d FC       		.byte	0xfc
 559 026e 08       		.uleb128 0x8
 560 026f C0100000 		.4byte	.LASF87
 561 0273 FD       		.byte	0xfd
 562 0274 08       		.uleb128 0x8
 563 0275 F8040000 		.4byte	.LASF88
 564 0279 FF       		.byte	0xff
 565 027a 00       		.byte	0
 566 027b 04       		.uleb128 0x4
 567 027c 6C100000 		.4byte	.LASF89
 568 0280 03       		.byte	0x3
 569 0281 8901     		.2byte	0x189
 570 0283 8C000000 		.4byte	0x8c
 571 0287 09       		.uleb128 0x9
 572 0288 02       		.byte	0x2
 573 0289 03       		.byte	0x3
ARM GAS  C:\Users\iron\AppData\Local\Temp\ccM5V1N8.s 			page 13


 574 028a 9301     		.2byte	0x193
 575 028c AB020000 		.4byte	0x2ab
 576 0290 0A       		.uleb128 0xa
 577 0291 06050000 		.4byte	.LASF90
 578 0295 03       		.byte	0x3
 579 0296 9A01     		.2byte	0x19a
 580 0298 80000000 		.4byte	0x80
 581 029c 00       		.byte	0
 582 029d 0A       		.uleb128 0xa
 583 029e 8F080000 		.4byte	.LASF91
 584 02a2 03       		.byte	0x3
 585 02a3 A001     		.2byte	0x1a0
 586 02a5 80000000 		.4byte	0x80
 587 02a9 01       		.byte	0x1
 588 02aa 00       		.byte	0
 589 02ab 04       		.uleb128 0x4
 590 02ac 6D000000 		.4byte	.LASF92
 591 02b0 03       		.byte	0x3
 592 02b1 A201     		.2byte	0x1a2
 593 02b3 87020000 		.4byte	0x287
 594 02b7 09       		.uleb128 0x9
 595 02b8 08       		.byte	0x8
 596 02b9 03       		.byte	0x3
 597 02ba BE01     		.2byte	0x1be
 598 02bc E8020000 		.4byte	0x2e8
 599 02c0 0B       		.uleb128 0xb
 600 02c1 76616C00 		.ascii	"val\000"
 601 02c5 03       		.byte	0x3
 602 02c6 C101     		.2byte	0x1c1
 603 02c8 B7000000 		.4byte	0xb7
 604 02cc 00       		.byte	0
 605 02cd 0B       		.uleb128 0xb
 606 02ce 6C656E00 		.ascii	"len\000"
 607 02d2 03       		.byte	0x3
 608 02d3 C401     		.2byte	0x1c4
 609 02d5 8C000000 		.4byte	0x8c
 610 02d9 04       		.byte	0x4
 611 02da 0A       		.uleb128 0xa
 612 02db 80030000 		.4byte	.LASF93
 613 02df 03       		.byte	0x3
 614 02e0 CB01     		.2byte	0x1cb
 615 02e2 8C000000 		.4byte	0x8c
 616 02e6 06       		.byte	0x6
 617 02e7 00       		.byte	0
 618 02e8 04       		.uleb128 0x4
 619 02e9 64020000 		.4byte	.LASF94
 620 02ed 03       		.byte	0x3
 621 02ee CD01     		.2byte	0x1cd
 622 02f0 B7020000 		.4byte	0x2b7
 623 02f4 09       		.uleb128 0x9
 624 02f5 0C       		.byte	0xc
 625 02f6 03       		.byte	0x3
 626 02f7 D001     		.2byte	0x1d0
 627 02f9 18030000 		.4byte	0x318
 628 02fd 0A       		.uleb128 0xa
 629 02fe 82050000 		.4byte	.LASF95
 630 0302 03       		.byte	0x3
ARM GAS  C:\Users\iron\AppData\Local\Temp\ccM5V1N8.s 			page 14


 631 0303 D301     		.2byte	0x1d3
 632 0305 E8020000 		.4byte	0x2e8
 633 0309 00       		.byte	0
 634 030a 0A       		.uleb128 0xa
 635 030b 16050000 		.4byte	.LASF96
 636 030f 03       		.byte	0x3
 637 0310 D601     		.2byte	0x1d6
 638 0312 7B020000 		.4byte	0x27b
 639 0316 08       		.byte	0x8
 640 0317 00       		.byte	0
 641 0318 04       		.uleb128 0x4
 642 0319 640A0000 		.4byte	.LASF97
 643 031d 03       		.byte	0x3
 644 031e D801     		.2byte	0x1d8
 645 0320 F4020000 		.4byte	0x2f4
 646 0324 0C       		.uleb128 0xc
 647 0325 17090000 		.4byte	.LASF98
 648 0329 04       		.byte	0x4
 649 032a 34       		.byte	0x34
 650 032b 18030000 		.4byte	0x318
 651 032f 07       		.uleb128 0x7
 652 0330 01       		.byte	0x1
 653 0331 2C000000 		.4byte	0x2c
 654 0335 06       		.byte	0x6
 655 0336 5A08     		.2byte	0x85a
 656 0338 61030000 		.4byte	0x361
 657 033c 08       		.uleb128 0x8
 658 033d 3A000000 		.4byte	.LASF99
 659 0341 00       		.byte	0
 660 0342 08       		.uleb128 0x8
 661 0343 36090000 		.4byte	.LASF100
 662 0347 01       		.byte	0x1
 663 0348 08       		.uleb128 0x8
 664 0349 170F0000 		.4byte	.LASF101
 665 034d 02       		.byte	0x2
 666 034e 08       		.uleb128 0x8
 667 034f DC040000 		.4byte	.LASF102
 668 0353 03       		.byte	0x3
 669 0354 08       		.uleb128 0x8
 670 0355 710B0000 		.4byte	.LASF103
 671 0359 04       		.byte	0x4
 672 035a 08       		.uleb128 0x8
 673 035b 3B040000 		.4byte	.LASF104
 674 035f 05       		.byte	0x5
 675 0360 00       		.byte	0
 676 0361 04       		.uleb128 0x4
 677 0362 980E0000 		.4byte	.LASF105
 678 0366 06       		.byte	0x6
 679 0367 6808     		.2byte	0x868
 680 0369 2F030000 		.4byte	0x32f
 681 036d 0D       		.uleb128 0xd
 682 036e F8       		.byte	0xf8
 683 036f 07       		.byte	0x7
 684 0370 06       		.byte	0x6
 685 0371 B2030000 		.4byte	0x3b2
 686 0375 0E       		.uleb128 0xe
 687 0376 736F6600 		.ascii	"sof\000"
ARM GAS  C:\Users\iron\AppData\Local\Temp\ccM5V1N8.s 			page 15


 688 037a 07       		.byte	0x7
 689 037b 08       		.byte	0x8
 690 037c B2030000 		.4byte	0x3b2
 691 0380 00       		.byte	0
 692 0381 0E       		.uleb128 0xe
 693 0382 67797200 		.ascii	"gyr\000"
 694 0386 07       		.byte	0x7
 695 0387 09       		.byte	0x9
 696 0388 B2030000 		.4byte	0x3b2
 697 038c 06       		.byte	0x6
 698 038d 0E       		.uleb128 0xe
 699 038e 61636300 		.ascii	"acc\000"
 700 0392 07       		.byte	0x7
 701 0393 0A       		.byte	0xa
 702 0394 B2030000 		.4byte	0x3b2
 703 0398 0C       		.byte	0xc
 704 0399 0E       		.uleb128 0xe
 705 039a 6D616700 		.ascii	"mag\000"
 706 039e 07       		.byte	0x7
 707 039f 0B       		.byte	0xb
 708 03a0 B2030000 		.4byte	0x3b2
 709 03a4 12       		.byte	0x12
 710 03a5 0E       		.uleb128 0xe
 711 03a6 61616100 		.ascii	"aaa\000"
 712 03aa 07       		.byte	0x7
 713 03ab 0C       		.byte	0xc
 714 03ac C2030000 		.4byte	0x3c2
 715 03b0 18       		.byte	0x18
 716 03b1 00       		.byte	0
 717 03b2 0F       		.uleb128 0xf
 718 03b3 33000000 		.4byte	0x33
 719 03b7 C2030000 		.4byte	0x3c2
 720 03bb 10       		.uleb128 0x10
 721 03bc 72000000 		.4byte	0x72
 722 03c0 02       		.byte	0x2
 723 03c1 00       		.byte	0
 724 03c2 0F       		.uleb128 0xf
 725 03c3 80000000 		.4byte	0x80
 726 03c7 D2030000 		.4byte	0x3d2
 727 03cb 10       		.uleb128 0x10
 728 03cc 72000000 		.4byte	0x72
 729 03d0 DF       		.byte	0xdf
 730 03d1 00       		.byte	0
 731 03d2 11       		.uleb128 0x11
 732 03d3 494D5500 		.ascii	"IMU\000"
 733 03d7 07       		.byte	0x7
 734 03d8 0D       		.byte	0xd
 735 03d9 6D030000 		.4byte	0x36d
 736 03dd 12       		.uleb128 0x12
 737 03de 01       		.byte	0x1
 738 03df 2C000000 		.4byte	0x2c
 739 03e3 07       		.byte	0x7
 740 03e4 0F       		.byte	0xf
 741 03e5 28050000 		.4byte	0x528
 742 03e9 08       		.uleb128 0x8
 743 03ea F30D0000 		.4byte	.LASF106
 744 03ee 00       		.byte	0
ARM GAS  C:\Users\iron\AppData\Local\Temp\ccM5V1N8.s 			page 16


 745 03ef 08       		.uleb128 0x8
 746 03f0 81000000 		.4byte	.LASF107
 747 03f4 01       		.byte	0x1
 748 03f5 08       		.uleb128 0x8
 749 03f6 AF000000 		.4byte	.LASF108
 750 03fa 02       		.byte	0x2
 751 03fb 08       		.uleb128 0x8
 752 03fc 08080000 		.4byte	.LASF109
 753 0400 03       		.byte	0x3
 754 0401 08       		.uleb128 0x8
 755 0402 610B0000 		.4byte	.LASF110
 756 0406 04       		.byte	0x4
 757 0407 08       		.uleb128 0x8
 758 0408 480F0000 		.4byte	.LASF111
 759 040c 05       		.byte	0x5
 760 040d 08       		.uleb128 0x8
 761 040e E10C0000 		.4byte	.LASF112
 762 0412 06       		.byte	0x6
 763 0413 08       		.uleb128 0x8
 764 0414 A60E0000 		.4byte	.LASF113
 765 0418 07       		.byte	0x7
 766 0419 08       		.uleb128 0x8
 767 041a 00090000 		.4byte	.LASF114
 768 041e 08       		.byte	0x8
 769 041f 08       		.uleb128 0x8
 770 0420 ED020000 		.4byte	.LASF115
 771 0424 09       		.byte	0x9
 772 0425 08       		.uleb128 0x8
 773 0426 150B0000 		.4byte	.LASF116
 774 042a 0A       		.byte	0xa
 775 042b 08       		.uleb128 0x8
 776 042c 090F0000 		.4byte	.LASF117
 777 0430 0B       		.byte	0xb
 778 0431 08       		.uleb128 0x8
 779 0432 B5070000 		.4byte	.LASF118
 780 0436 0C       		.byte	0xc
 781 0437 08       		.uleb128 0x8
 782 0438 C3020000 		.4byte	.LASF119
 783 043c 0D       		.byte	0xd
 784 043d 08       		.uleb128 0x8
 785 043e 040B0000 		.4byte	.LASF120
 786 0442 0E       		.byte	0xe
 787 0443 08       		.uleb128 0x8
 788 0444 F70B0000 		.4byte	.LASF121
 789 0448 0F       		.byte	0xf
 790 0449 08       		.uleb128 0x8
 791 044a A1030000 		.4byte	.LASF122
 792 044e 10       		.byte	0x10
 793 044f 08       		.uleb128 0x8
 794 0450 1A080000 		.4byte	.LASF123
 795 0454 11       		.byte	0x11
 796 0455 08       		.uleb128 0x8
 797 0456 230A0000 		.4byte	.LASF124
 798 045a 12       		.byte	0x12
 799 045b 08       		.uleb128 0x8
 800 045c D5030000 		.4byte	.LASF125
 801 0460 13       		.byte	0x13
ARM GAS  C:\Users\iron\AppData\Local\Temp\ccM5V1N8.s 			page 17


 802 0461 08       		.uleb128 0x8
 803 0462 88100000 		.4byte	.LASF126
 804 0466 14       		.byte	0x14
 805 0467 08       		.uleb128 0x8
 806 0468 3B0C0000 		.4byte	.LASF127
 807 046c 15       		.byte	0x15
 808 046d 08       		.uleb128 0x8
 809 046e 41070000 		.4byte	.LASF128
 810 0472 16       		.byte	0x16
 811 0473 08       		.uleb128 0x8
 812 0474 2D0F0000 		.4byte	.LASF129
 813 0478 17       		.byte	0x17
 814 0479 08       		.uleb128 0x8
 815 047a A70F0000 		.4byte	.LASF130
 816 047e 18       		.byte	0x18
 817 047f 08       		.uleb128 0x8
 818 0480 A80A0000 		.4byte	.LASF131
 819 0484 19       		.byte	0x19
 820 0485 08       		.uleb128 0x8
 821 0486 53050000 		.4byte	.LASF132
 822 048a 1A       		.byte	0x1a
 823 048b 08       		.uleb128 0x8
 824 048c E8070000 		.4byte	.LASF133
 825 0490 1B       		.byte	0x1b
 826 0491 08       		.uleb128 0x8
 827 0492 F50E0000 		.4byte	.LASF134
 828 0496 1C       		.byte	0x1c
 829 0497 08       		.uleb128 0x8
 830 0498 E10E0000 		.4byte	.LASF135
 831 049c 1D       		.byte	0x1d
 832 049d 08       		.uleb128 0x8
 833 049e 1D020000 		.4byte	.LASF136
 834 04a2 1E       		.byte	0x1e
 835 04a3 08       		.uleb128 0x8
 836 04a4 EE0B0000 		.4byte	.LASF137
 837 04a8 1F       		.byte	0x1f
 838 04a9 08       		.uleb128 0x8
 839 04aa 570C0000 		.4byte	.LASF138
 840 04ae 20       		.byte	0x20
 841 04af 08       		.uleb128 0x8
 842 04b0 66030000 		.4byte	.LASF139
 843 04b4 21       		.byte	0x21
 844 04b5 08       		.uleb128 0x8
 845 04b6 31020000 		.4byte	.LASF140
 846 04ba 22       		.byte	0x22
 847 04bb 08       		.uleb128 0x8
 848 04bc D6050000 		.4byte	.LASF141
 849 04c0 23       		.byte	0x23
 850 04c1 08       		.uleb128 0x8
 851 04c2 580D0000 		.4byte	.LASF142
 852 04c6 24       		.byte	0x24
 853 04c7 08       		.uleb128 0x8
 854 04c8 6E010000 		.4byte	.LASF143
 855 04cc 25       		.byte	0x25
 856 04cd 08       		.uleb128 0x8
 857 04ce B1060000 		.4byte	.LASF144
 858 04d2 26       		.byte	0x26
ARM GAS  C:\Users\iron\AppData\Local\Temp\ccM5V1N8.s 			page 18


 859 04d3 08       		.uleb128 0x8
 860 04d4 680C0000 		.4byte	.LASF145
 861 04d8 27       		.byte	0x27
 862 04d9 08       		.uleb128 0x8
 863 04da 860E0000 		.4byte	.LASF146
 864 04de 28       		.byte	0x28
 865 04df 08       		.uleb128 0x8
 866 04e0 32010000 		.4byte	.LASF147
 867 04e4 29       		.byte	0x29
 868 04e5 08       		.uleb128 0x8
 869 04e6 46010000 		.4byte	.LASF148
 870 04ea 2A       		.byte	0x2a
 871 04eb 08       		.uleb128 0x8
 872 04ec 5A010000 		.4byte	.LASF149
 873 04f0 2B       		.byte	0x2b
 874 04f1 08       		.uleb128 0x8
 875 04f2 08040000 		.4byte	.LASF150
 876 04f6 2C       		.byte	0x2c
 877 04f7 08       		.uleb128 0x8
 878 04f8 CD0E0000 		.4byte	.LASF151
 879 04fc 2D       		.byte	0x2d
 880 04fd 08       		.uleb128 0x8
 881 04fe 45050000 		.4byte	.LASF152
 882 0502 2E       		.byte	0x2e
 883 0503 08       		.uleb128 0x8
 884 0504 73050000 		.4byte	.LASF153
 885 0508 2F       		.byte	0x2f
 886 0509 08       		.uleb128 0x8
 887 050a 5E0A0000 		.4byte	.LASF154
 888 050e 30       		.byte	0x30
 889 050f 08       		.uleb128 0x8
 890 0510 090C0000 		.4byte	.LASF155
 891 0514 31       		.byte	0x31
 892 0515 08       		.uleb128 0x8
 893 0516 BD040000 		.4byte	.LASF156
 894 051a 32       		.byte	0x32
 895 051b 08       		.uleb128 0x8
 896 051c FE0A0000 		.4byte	.LASF157
 897 0520 33       		.byte	0x33
 898 0521 08       		.uleb128 0x8
 899 0522 0E0C0000 		.4byte	.LASF158
 900 0526 34       		.byte	0x34
 901 0527 00       		.byte	0
 902 0528 13       		.uleb128 0x13
 903 0529 59070000 		.4byte	.LASF178
 904 052d 01       		.byte	0x1
 905 052e 4F       		.byte	0x4f
 906 052f 00000000 		.4byte	.LFB37
 907 0533 18000000 		.4byte	.LFE37-.LFB37
 908 0537 01       		.uleb128 0x1
 909 0538 9C       		.byte	0x9c
 910 0539 14       		.uleb128 0x14
 911 053a 43100000 		.4byte	.LASF179
 912 053e 01       		.byte	0x1
 913 053f 12       		.byte	0x12
 914 0540 5D000000 		.4byte	0x5d
 915 0544 00000000 		.4byte	.LFB36
ARM GAS  C:\Users\iron\AppData\Local\Temp\ccM5V1N8.s 			page 19


 916 0548 EC000000 		.4byte	.LFE36-.LFB36
 917 054c 01       		.uleb128 0x1
 918 054d 9C       		.byte	0x9c
 919 054e 90060000 		.4byte	0x690
 920 0552 15       		.uleb128 0x15
 921 0553 696D7500 		.ascii	"imu\000"
 922 0557 01       		.byte	0x1
 923 0558 16       		.byte	0x16
 924 0559 D2030000 		.4byte	0x3d2
 925 055d 03       		.uleb128 0x3
 926 055e 91       		.byte	0x91
 927 055f F87D     		.sleb128 -264
 928 0561 15       		.uleb128 0x15
 929 0562 6E746600 		.ascii	"ntf\000"
 930 0566 01       		.byte	0x1
 931 0567 17       		.byte	0x17
 932 0568 24030000 		.4byte	0x324
 933 056c 03       		.uleb128 0x3
 934 056d 91       		.byte	0x91
 935 056e EC7D     		.sleb128 -276
 936 0570 16       		.uleb128 0x16
 937 0571 52000000 		.4byte	.LBB2
 938 0575 20000000 		.4byte	.LBE2-.LBB2
 939 0579 B8050000 		.4byte	0x5b8
 940 057d 17       		.uleb128 0x17
 941 057e 6900     		.ascii	"i\000"
 942 0580 01       		.byte	0x1
 943 0581 26       		.byte	0x26
 944 0582 80000000 		.4byte	0x80
 945 0586 00000000 		.4byte	.LLST0
 946 058a 18       		.uleb128 0x18
 947 058b 5C000000 		.4byte	.LVL11
 948 058f F1060000 		.4byte	0x6f1
 949 0593 9E050000 		.4byte	0x59e
 950 0597 19       		.uleb128 0x19
 951 0598 01       		.uleb128 0x1
 952 0599 50       		.byte	0x50
 953 059a 02       		.uleb128 0x2
 954 059b 74       		.byte	0x74
 955 059c 00       		.sleb128 0
 956 059d 00       		.byte	0
 957 059e 1A       		.uleb128 0x1a
 958 059f 68000000 		.4byte	.LVL12
 959 05a3 FD060000 		.4byte	0x6fd
 960 05a7 19       		.uleb128 0x19
 961 05a8 01       		.uleb128 0x1
 962 05a9 50       		.byte	0x50
 963 05aa 02       		.uleb128 0x2
 964 05ab 74       		.byte	0x74
 965 05ac 00       		.sleb128 0
 966 05ad 19       		.uleb128 0x19
 967 05ae 01       		.uleb128 0x1
 968 05af 51       		.byte	0x51
 969 05b0 05       		.uleb128 0x5
 970 05b1 03       		.byte	0x3
 971 05b2 00000000 		.4byte	systick_isr_callback
 972 05b6 00       		.byte	0
ARM GAS  C:\Users\iron\AppData\Local\Temp\ccM5V1N8.s 			page 20


 973 05b7 00       		.byte	0
 974 05b8 1B       		.uleb128 0x1b
 975 05b9 0C000000 		.4byte	.LVL1
 976 05bd 09070000 		.4byte	0x709
 977 05c1 1B       		.uleb128 0x1b
 978 05c2 10000000 		.4byte	.LVL2
 979 05c6 14070000 		.4byte	0x714
 980 05ca 1B       		.uleb128 0x1b
 981 05cb 14000000 		.4byte	.LVL3
 982 05cf 1F070000 		.4byte	0x71f
 983 05d3 1B       		.uleb128 0x1b
 984 05d4 1A000000 		.4byte	.LVL4
 985 05d8 2A070000 		.4byte	0x72a
 986 05dc 18       		.uleb128 0x18
 987 05dd 24000000 		.4byte	.LVL5
 988 05e1 36070000 		.4byte	0x736
 989 05e5 EF050000 		.4byte	0x5ef
 990 05e9 19       		.uleb128 0x19
 991 05ea 01       		.uleb128 0x1
 992 05eb 50       		.byte	0x50
 993 05ec 01       		.uleb128 0x1
 994 05ed 31       		.byte	0x31
 995 05ee 00       		.byte	0
 996 05ef 18       		.uleb128 0x18
 997 05f0 30000000 		.4byte	.LVL6
 998 05f4 36070000 		.4byte	0x736
 999 05f8 02060000 		.4byte	0x602
 1000 05fc 19       		.uleb128 0x19
 1001 05fd 01       		.uleb128 0x1
 1002 05fe 50       		.byte	0x50
 1003 05ff 01       		.uleb128 0x1
 1004 0600 32       		.byte	0x32
 1005 0601 00       		.byte	0
 1006 0602 18       		.uleb128 0x18
 1007 0603 3E000000 		.4byte	.LVL7
 1008 0607 36070000 		.4byte	0x736
 1009 060b 15060000 		.4byte	0x615
 1010 060f 19       		.uleb128 0x19
 1011 0610 01       		.uleb128 0x1
 1012 0611 50       		.byte	0x50
 1013 0612 01       		.uleb128 0x1
 1014 0613 34       		.byte	0x34
 1015 0614 00       		.byte	0
 1016 0615 18       		.uleb128 0x18
 1017 0616 48000000 		.4byte	.LVL8
 1018 061a 36070000 		.4byte	0x736
 1019 061e 28060000 		.4byte	0x628
 1020 0622 19       		.uleb128 0x19
 1021 0623 01       		.uleb128 0x1
 1022 0624 50       		.byte	0x50
 1023 0625 01       		.uleb128 0x1
 1024 0626 35       		.byte	0x35
 1025 0627 00       		.byte	0
 1026 0628 18       		.uleb128 0x18
 1027 0629 52000000 		.4byte	.LVL9
 1028 062d 36070000 		.4byte	0x736
 1029 0631 3B060000 		.4byte	0x63b
ARM GAS  C:\Users\iron\AppData\Local\Temp\ccM5V1N8.s 			page 21


 1030 0635 19       		.uleb128 0x19
 1031 0636 01       		.uleb128 0x1
 1032 0637 50       		.byte	0x50
 1033 0638 01       		.uleb128 0x1
 1034 0639 36       		.byte	0x36
 1035 063a 00       		.byte	0
 1036 063b 18       		.uleb128 0x18
 1037 063c 9A000000 		.4byte	.LVL16
 1038 0640 41070000 		.4byte	0x741
 1039 0644 50060000 		.4byte	0x650
 1040 0648 19       		.uleb128 0x19
 1041 0649 01       		.uleb128 0x1
 1042 064a 50       		.byte	0x50
 1043 064b 03       		.uleb128 0x3
 1044 064c 91       		.byte	0x91
 1045 064d F07B     		.sleb128 -528
 1046 064f 00       		.byte	0
 1047 0650 18       		.uleb128 0x18
 1048 0651 A4000000 		.4byte	.LVL17
 1049 0655 4C070000 		.4byte	0x74c
 1050 0659 71060000 		.4byte	0x671
 1051 065d 19       		.uleb128 0x19
 1052 065e 01       		.uleb128 0x1
 1053 065f 50       		.byte	0x50
 1054 0660 02       		.uleb128 0x2
 1055 0661 74       		.byte	0x74
 1056 0662 00       		.sleb128 0
 1057 0663 19       		.uleb128 0x19
 1058 0664 01       		.uleb128 0x1
 1059 0665 51       		.byte	0x51
 1060 0666 03       		.uleb128 0x3
 1061 0667 91       		.byte	0x91
 1062 0668 F07B     		.sleb128 -528
 1063 066a 19       		.uleb128 0x19
 1064 066b 01       		.uleb128 0x1
 1065 066c 52       		.byte	0x52
 1066 066d 02       		.uleb128 0x2
 1067 066e 08       		.byte	0x8
 1068 066f F8       		.byte	0xf8
 1069 0670 00       		.byte	0
 1070 0671 18       		.uleb128 0x18
 1071 0672 C0000000 		.4byte	.LVL18
 1072 0676 55070000 		.4byte	0x755
 1073 067a 86060000 		.4byte	0x686
 1074 067e 19       		.uleb128 0x19
 1075 067f 01       		.uleb128 0x1
 1076 0680 51       		.byte	0x51
 1077 0681 03       		.uleb128 0x3
 1078 0682 91       		.byte	0x91
 1079 0683 EC7D     		.sleb128 -276
 1080 0685 00       		.byte	0
 1081 0686 1B       		.uleb128 0x1b
 1082 0687 C4000000 		.4byte	.LVL19
 1083 068b 60070000 		.4byte	0x760
 1084 068f 00       		.byte	0
 1085 0690 1C       		.uleb128 0x1c
 1086 0691 0F050000 		.4byte	.LASF159
ARM GAS  C:\Users\iron\AppData\Local\Temp\ccM5V1N8.s 			page 22


 1087 0695 01       		.byte	0x1
 1088 0696 07       		.byte	0x7
 1089 0697 98000000 		.4byte	0x98
 1090 069b 05       		.uleb128 0x5
 1091 069c 03       		.byte	0x3
 1092 069d 00000000 		.4byte	ms_cnt
 1093 06a1 1D       		.uleb128 0x1d
 1094 06a2 FC070000 		.4byte	.LASF160
 1095 06a6 06       		.byte	0x6
 1096 06a7 B30A     		.2byte	0xab3
 1097 06a9 61030000 		.4byte	0x361
 1098 06ad 1D       		.uleb128 0x1d
 1099 06ae 69090000 		.4byte	.LASF161
 1100 06b2 06       		.byte	0x6
 1101 06b3 B40A     		.2byte	0xab4
 1102 06b5 AB020000 		.4byte	0x2ab
 1103 06b9 1D       		.uleb128 0x1d
 1104 06ba 8C020000 		.4byte	.LASF162
 1105 06be 06       		.byte	0x6
 1106 06bf B50A     		.2byte	0xab5
 1107 06c1 B2000000 		.4byte	0xb2
 1108 06c5 1E       		.uleb128 0x1e
 1109 06c6 02030000 		.4byte	.LASF163
 1110 06ca 01       		.byte	0x1
 1111 06cb 0C       		.byte	0xc
 1112 06cc 80000000 		.4byte	0x80
 1113 06d0 0F       		.uleb128 0xf
 1114 06d1 80000000 		.4byte	0x80
 1115 06d5 E0060000 		.4byte	0x6e0
 1116 06d9 10       		.uleb128 0x10
 1117 06da 72000000 		.4byte	0x72
 1118 06de FF       		.byte	0xff
 1119 06df 00       		.byte	0
 1120 06e0 1F       		.uleb128 0x1f
 1121 06e1 E20A0000 		.4byte	.LASF164
 1122 06e5 01       		.byte	0x1
 1123 06e6 0E       		.byte	0xe
 1124 06e7 D0060000 		.4byte	0x6d0
 1125 06eb 05       		.uleb128 0x5
 1126 06ec 03       		.byte	0x3
 1127 06ed 00000000 		.4byte	ble_mtu_recv
 1128 06f1 20       		.uleb128 0x20
 1129 06f2 54040000 		.4byte	.LASF165
 1130 06f6 54040000 		.4byte	.LASF165
 1131 06fa 08       		.byte	0x8
 1132 06fb 0101     		.2byte	0x101
 1133 06fd 20       		.uleb128 0x20
 1134 06fe BB0D0000 		.4byte	.LASF166
 1135 0702 BB0D0000 		.4byte	.LASF166
 1136 0706 08       		.byte	0x8
 1137 0707 0001     		.2byte	0x100
 1138 0709 21       		.uleb128 0x21
 1139 070a E8080000 		.4byte	.LASF167
 1140 070e E8080000 		.4byte	.LASF167
 1141 0712 08       		.byte	0x8
 1142 0713 F7       		.byte	0xf7
 1143 0714 21       		.uleb128 0x21
ARM GAS  C:\Users\iron\AppData\Local\Temp\ccM5V1N8.s 			page 23


 1144 0715 8F060000 		.4byte	.LASF168
 1145 0719 8F060000 		.4byte	.LASF168
 1146 071d 09       		.byte	0x9
 1147 071e 72       		.byte	0x72
 1148 071f 21       		.uleb128 0x21
 1149 0720 EF0A0000 		.4byte	.LASF169
 1150 0724 EF0A0000 		.4byte	.LASF169
 1151 0728 0A       		.byte	0xa
 1152 0729 72       		.byte	0x72
 1153 072a 20       		.uleb128 0x20
 1154 072b A9070000 		.4byte	.LASF170
 1155 072f A9070000 		.4byte	.LASF170
 1156 0733 0B       		.byte	0xb
 1157 0734 6B02     		.2byte	0x26b
 1158 0736 21       		.uleb128 0x21
 1159 0737 BA0E0000 		.4byte	.LASF171
 1160 073b BA0E0000 		.4byte	.LASF171
 1161 073f 07       		.byte	0x7
 1162 0740 4A       		.byte	0x4a
 1163 0741 21       		.uleb128 0x21
 1164 0742 DF0F0000 		.4byte	.LASF172
 1165 0746 DF0F0000 		.4byte	.LASF172
 1166 074a 07       		.byte	0x7
 1167 074b 4C       		.byte	0x4c
 1168 074c 22       		.uleb128 0x22
 1169 074d 91040000 		.4byte	.LASF180
 1170 0751 91040000 		.4byte	.LASF180
 1171 0755 21       		.uleb128 0x21
 1172 0756 1C030000 		.4byte	.LASF173
 1173 075a 1C030000 		.4byte	.LASF173
 1174 075e 04       		.byte	0x4
 1175 075f F2       		.byte	0xf2
 1176 0760 20       		.uleb128 0x20
 1177 0761 F3090000 		.4byte	.LASF174
 1178 0765 F3090000 		.4byte	.LASF174
 1179 0769 05       		.byte	0x5
 1180 076a CC07     		.2byte	0x7cc
 1181 076c 00       		.byte	0
 1182              		.section	.debug_abbrev,"",%progbits
 1183              	.Ldebug_abbrev0:
 1184 0000 01       		.uleb128 0x1
 1185 0001 11       		.uleb128 0x11
 1186 0002 01       		.byte	0x1
 1187 0003 25       		.uleb128 0x25
 1188 0004 0E       		.uleb128 0xe
 1189 0005 13       		.uleb128 0x13
 1190 0006 0B       		.uleb128 0xb
 1191 0007 03       		.uleb128 0x3
 1192 0008 0E       		.uleb128 0xe
 1193 0009 1B       		.uleb128 0x1b
 1194 000a 0E       		.uleb128 0xe
 1195 000b 55       		.uleb128 0x55
 1196 000c 17       		.uleb128 0x17
 1197 000d 11       		.uleb128 0x11
 1198 000e 01       		.uleb128 0x1
 1199 000f 10       		.uleb128 0x10
 1200 0010 17       		.uleb128 0x17
ARM GAS  C:\Users\iron\AppData\Local\Temp\ccM5V1N8.s 			page 24


 1201 0011 00       		.byte	0
 1202 0012 00       		.byte	0
 1203 0013 02       		.uleb128 0x2
 1204 0014 24       		.uleb128 0x24
 1205 0015 00       		.byte	0
 1206 0016 0B       		.uleb128 0xb
 1207 0017 0B       		.uleb128 0xb
 1208 0018 3E       		.uleb128 0x3e
 1209 0019 0B       		.uleb128 0xb
 1210 001a 03       		.uleb128 0x3
 1211 001b 0E       		.uleb128 0xe
 1212 001c 00       		.byte	0
 1213 001d 00       		.byte	0
 1214 001e 03       		.uleb128 0x3
 1215 001f 24       		.uleb128 0x24
 1216 0020 00       		.byte	0
 1217 0021 0B       		.uleb128 0xb
 1218 0022 0B       		.uleb128 0xb
 1219 0023 3E       		.uleb128 0x3e
 1220 0024 0B       		.uleb128 0xb
 1221 0025 03       		.uleb128 0x3
 1222 0026 08       		.uleb128 0x8
 1223 0027 00       		.byte	0
 1224 0028 00       		.byte	0
 1225 0029 04       		.uleb128 0x4
 1226 002a 16       		.uleb128 0x16
 1227 002b 00       		.byte	0
 1228 002c 03       		.uleb128 0x3
 1229 002d 0E       		.uleb128 0xe
 1230 002e 3A       		.uleb128 0x3a
 1231 002f 0B       		.uleb128 0xb
 1232 0030 3B       		.uleb128 0x3b
 1233 0031 05       		.uleb128 0x5
 1234 0032 49       		.uleb128 0x49
 1235 0033 13       		.uleb128 0x13
 1236 0034 00       		.byte	0
 1237 0035 00       		.byte	0
 1238 0036 05       		.uleb128 0x5
 1239 0037 35       		.uleb128 0x35
 1240 0038 00       		.byte	0
 1241 0039 49       		.uleb128 0x49
 1242 003a 13       		.uleb128 0x13
 1243 003b 00       		.byte	0
 1244 003c 00       		.byte	0
 1245 003d 06       		.uleb128 0x6
 1246 003e 0F       		.uleb128 0xf
 1247 003f 00       		.byte	0
 1248 0040 0B       		.uleb128 0xb
 1249 0041 0B       		.uleb128 0xb
 1250 0042 49       		.uleb128 0x49
 1251 0043 13       		.uleb128 0x13
 1252 0044 00       		.byte	0
 1253 0045 00       		.byte	0
 1254 0046 07       		.uleb128 0x7
 1255 0047 04       		.uleb128 0x4
 1256 0048 01       		.byte	0x1
 1257 0049 0B       		.uleb128 0xb
ARM GAS  C:\Users\iron\AppData\Local\Temp\ccM5V1N8.s 			page 25


 1258 004a 0B       		.uleb128 0xb
 1259 004b 49       		.uleb128 0x49
 1260 004c 13       		.uleb128 0x13
 1261 004d 3A       		.uleb128 0x3a
 1262 004e 0B       		.uleb128 0xb
 1263 004f 3B       		.uleb128 0x3b
 1264 0050 05       		.uleb128 0x5
 1265 0051 01       		.uleb128 0x1
 1266 0052 13       		.uleb128 0x13
 1267 0053 00       		.byte	0
 1268 0054 00       		.byte	0
 1269 0055 08       		.uleb128 0x8
 1270 0056 28       		.uleb128 0x28
 1271 0057 00       		.byte	0
 1272 0058 03       		.uleb128 0x3
 1273 0059 0E       		.uleb128 0xe
 1274 005a 1C       		.uleb128 0x1c
 1275 005b 0B       		.uleb128 0xb
 1276 005c 00       		.byte	0
 1277 005d 00       		.byte	0
 1278 005e 09       		.uleb128 0x9
 1279 005f 13       		.uleb128 0x13
 1280 0060 01       		.byte	0x1
 1281 0061 0B       		.uleb128 0xb
 1282 0062 0B       		.uleb128 0xb
 1283 0063 3A       		.uleb128 0x3a
 1284 0064 0B       		.uleb128 0xb
 1285 0065 3B       		.uleb128 0x3b
 1286 0066 05       		.uleb128 0x5
 1287 0067 01       		.uleb128 0x1
 1288 0068 13       		.uleb128 0x13
 1289 0069 00       		.byte	0
 1290 006a 00       		.byte	0
 1291 006b 0A       		.uleb128 0xa
 1292 006c 0D       		.uleb128 0xd
 1293 006d 00       		.byte	0
 1294 006e 03       		.uleb128 0x3
 1295 006f 0E       		.uleb128 0xe
 1296 0070 3A       		.uleb128 0x3a
 1297 0071 0B       		.uleb128 0xb
 1298 0072 3B       		.uleb128 0x3b
 1299 0073 05       		.uleb128 0x5
 1300 0074 49       		.uleb128 0x49
 1301 0075 13       		.uleb128 0x13
 1302 0076 38       		.uleb128 0x38
 1303 0077 0B       		.uleb128 0xb
 1304 0078 00       		.byte	0
 1305 0079 00       		.byte	0
 1306 007a 0B       		.uleb128 0xb
 1307 007b 0D       		.uleb128 0xd
 1308 007c 00       		.byte	0
 1309 007d 03       		.uleb128 0x3
 1310 007e 08       		.uleb128 0x8
 1311 007f 3A       		.uleb128 0x3a
 1312 0080 0B       		.uleb128 0xb
 1313 0081 3B       		.uleb128 0x3b
 1314 0082 05       		.uleb128 0x5
ARM GAS  C:\Users\iron\AppData\Local\Temp\ccM5V1N8.s 			page 26


 1315 0083 49       		.uleb128 0x49
 1316 0084 13       		.uleb128 0x13
 1317 0085 38       		.uleb128 0x38
 1318 0086 0B       		.uleb128 0xb
 1319 0087 00       		.byte	0
 1320 0088 00       		.byte	0
 1321 0089 0C       		.uleb128 0xc
 1322 008a 16       		.uleb128 0x16
 1323 008b 00       		.byte	0
 1324 008c 03       		.uleb128 0x3
 1325 008d 0E       		.uleb128 0xe
 1326 008e 3A       		.uleb128 0x3a
 1327 008f 0B       		.uleb128 0xb
 1328 0090 3B       		.uleb128 0x3b
 1329 0091 0B       		.uleb128 0xb
 1330 0092 49       		.uleb128 0x49
 1331 0093 13       		.uleb128 0x13
 1332 0094 00       		.byte	0
 1333 0095 00       		.byte	0
 1334 0096 0D       		.uleb128 0xd
 1335 0097 13       		.uleb128 0x13
 1336 0098 01       		.byte	0x1
 1337 0099 0B       		.uleb128 0xb
 1338 009a 0B       		.uleb128 0xb
 1339 009b 3A       		.uleb128 0x3a
 1340 009c 0B       		.uleb128 0xb
 1341 009d 3B       		.uleb128 0x3b
 1342 009e 0B       		.uleb128 0xb
 1343 009f 01       		.uleb128 0x1
 1344 00a0 13       		.uleb128 0x13
 1345 00a1 00       		.byte	0
 1346 00a2 00       		.byte	0
 1347 00a3 0E       		.uleb128 0xe
 1348 00a4 0D       		.uleb128 0xd
 1349 00a5 00       		.byte	0
 1350 00a6 03       		.uleb128 0x3
 1351 00a7 08       		.uleb128 0x8
 1352 00a8 3A       		.uleb128 0x3a
 1353 00a9 0B       		.uleb128 0xb
 1354 00aa 3B       		.uleb128 0x3b
 1355 00ab 0B       		.uleb128 0xb
 1356 00ac 49       		.uleb128 0x49
 1357 00ad 13       		.uleb128 0x13
 1358 00ae 38       		.uleb128 0x38
 1359 00af 0B       		.uleb128 0xb
 1360 00b0 00       		.byte	0
 1361 00b1 00       		.byte	0
 1362 00b2 0F       		.uleb128 0xf
 1363 00b3 01       		.uleb128 0x1
 1364 00b4 01       		.byte	0x1
 1365 00b5 49       		.uleb128 0x49
 1366 00b6 13       		.uleb128 0x13
 1367 00b7 01       		.uleb128 0x1
 1368 00b8 13       		.uleb128 0x13
 1369 00b9 00       		.byte	0
 1370 00ba 00       		.byte	0
 1371 00bb 10       		.uleb128 0x10
ARM GAS  C:\Users\iron\AppData\Local\Temp\ccM5V1N8.s 			page 27


 1372 00bc 21       		.uleb128 0x21
 1373 00bd 00       		.byte	0
 1374 00be 49       		.uleb128 0x49
 1375 00bf 13       		.uleb128 0x13
 1376 00c0 2F       		.uleb128 0x2f
 1377 00c1 0B       		.uleb128 0xb
 1378 00c2 00       		.byte	0
 1379 00c3 00       		.byte	0
 1380 00c4 11       		.uleb128 0x11
 1381 00c5 16       		.uleb128 0x16
 1382 00c6 00       		.byte	0
 1383 00c7 03       		.uleb128 0x3
 1384 00c8 08       		.uleb128 0x8
 1385 00c9 3A       		.uleb128 0x3a
 1386 00ca 0B       		.uleb128 0xb
 1387 00cb 3B       		.uleb128 0x3b
 1388 00cc 0B       		.uleb128 0xb
 1389 00cd 49       		.uleb128 0x49
 1390 00ce 13       		.uleb128 0x13
 1391 00cf 00       		.byte	0
 1392 00d0 00       		.byte	0
 1393 00d1 12       		.uleb128 0x12
 1394 00d2 04       		.uleb128 0x4
 1395 00d3 01       		.byte	0x1
 1396 00d4 0B       		.uleb128 0xb
 1397 00d5 0B       		.uleb128 0xb
 1398 00d6 49       		.uleb128 0x49
 1399 00d7 13       		.uleb128 0x13
 1400 00d8 3A       		.uleb128 0x3a
 1401 00d9 0B       		.uleb128 0xb
 1402 00da 3B       		.uleb128 0x3b
 1403 00db 0B       		.uleb128 0xb
 1404 00dc 01       		.uleb128 0x1
 1405 00dd 13       		.uleb128 0x13
 1406 00de 00       		.byte	0
 1407 00df 00       		.byte	0
 1408 00e0 13       		.uleb128 0x13
 1409 00e1 2E       		.uleb128 0x2e
 1410 00e2 00       		.byte	0
 1411 00e3 3F       		.uleb128 0x3f
 1412 00e4 19       		.uleb128 0x19
 1413 00e5 03       		.uleb128 0x3
 1414 00e6 0E       		.uleb128 0xe
 1415 00e7 3A       		.uleb128 0x3a
 1416 00e8 0B       		.uleb128 0xb
 1417 00e9 3B       		.uleb128 0x3b
 1418 00ea 0B       		.uleb128 0xb
 1419 00eb 27       		.uleb128 0x27
 1420 00ec 19       		.uleb128 0x19
 1421 00ed 11       		.uleb128 0x11
 1422 00ee 01       		.uleb128 0x1
 1423 00ef 12       		.uleb128 0x12
 1424 00f0 06       		.uleb128 0x6
 1425 00f1 40       		.uleb128 0x40
 1426 00f2 18       		.uleb128 0x18
 1427 00f3 9642     		.uleb128 0x2116
 1428 00f5 19       		.uleb128 0x19
ARM GAS  C:\Users\iron\AppData\Local\Temp\ccM5V1N8.s 			page 28


 1429 00f6 00       		.byte	0
 1430 00f7 00       		.byte	0
 1431 00f8 14       		.uleb128 0x14
 1432 00f9 2E       		.uleb128 0x2e
 1433 00fa 01       		.byte	0x1
 1434 00fb 3F       		.uleb128 0x3f
 1435 00fc 19       		.uleb128 0x19
 1436 00fd 03       		.uleb128 0x3
 1437 00fe 0E       		.uleb128 0xe
 1438 00ff 3A       		.uleb128 0x3a
 1439 0100 0B       		.uleb128 0xb
 1440 0101 3B       		.uleb128 0x3b
 1441 0102 0B       		.uleb128 0xb
 1442 0103 27       		.uleb128 0x27
 1443 0104 19       		.uleb128 0x19
 1444 0105 49       		.uleb128 0x49
 1445 0106 13       		.uleb128 0x13
 1446 0107 8701     		.uleb128 0x87
 1447 0109 19       		.uleb128 0x19
 1448 010a 11       		.uleb128 0x11
 1449 010b 01       		.uleb128 0x1
 1450 010c 12       		.uleb128 0x12
 1451 010d 06       		.uleb128 0x6
 1452 010e 40       		.uleb128 0x40
 1453 010f 18       		.uleb128 0x18
 1454 0110 9742     		.uleb128 0x2117
 1455 0112 19       		.uleb128 0x19
 1456 0113 01       		.uleb128 0x1
 1457 0114 13       		.uleb128 0x13
 1458 0115 00       		.byte	0
 1459 0116 00       		.byte	0
 1460 0117 15       		.uleb128 0x15
 1461 0118 34       		.uleb128 0x34
 1462 0119 00       		.byte	0
 1463 011a 03       		.uleb128 0x3
 1464 011b 08       		.uleb128 0x8
 1465 011c 3A       		.uleb128 0x3a
 1466 011d 0B       		.uleb128 0xb
 1467 011e 3B       		.uleb128 0x3b
 1468 011f 0B       		.uleb128 0xb
 1469 0120 49       		.uleb128 0x49
 1470 0121 13       		.uleb128 0x13
 1471 0122 02       		.uleb128 0x2
 1472 0123 18       		.uleb128 0x18
 1473 0124 00       		.byte	0
 1474 0125 00       		.byte	0
 1475 0126 16       		.uleb128 0x16
 1476 0127 0B       		.uleb128 0xb
 1477 0128 01       		.byte	0x1
 1478 0129 11       		.uleb128 0x11
 1479 012a 01       		.uleb128 0x1
 1480 012b 12       		.uleb128 0x12
 1481 012c 06       		.uleb128 0x6
 1482 012d 01       		.uleb128 0x1
 1483 012e 13       		.uleb128 0x13
 1484 012f 00       		.byte	0
 1485 0130 00       		.byte	0
ARM GAS  C:\Users\iron\AppData\Local\Temp\ccM5V1N8.s 			page 29


 1486 0131 17       		.uleb128 0x17
 1487 0132 34       		.uleb128 0x34
 1488 0133 00       		.byte	0
 1489 0134 03       		.uleb128 0x3
 1490 0135 08       		.uleb128 0x8
 1491 0136 3A       		.uleb128 0x3a
 1492 0137 0B       		.uleb128 0xb
 1493 0138 3B       		.uleb128 0x3b
 1494 0139 0B       		.uleb128 0xb
 1495 013a 49       		.uleb128 0x49
 1496 013b 13       		.uleb128 0x13
 1497 013c 02       		.uleb128 0x2
 1498 013d 17       		.uleb128 0x17
 1499 013e 00       		.byte	0
 1500 013f 00       		.byte	0
 1501 0140 18       		.uleb128 0x18
 1502 0141 898201   		.uleb128 0x4109
 1503 0144 01       		.byte	0x1
 1504 0145 11       		.uleb128 0x11
 1505 0146 01       		.uleb128 0x1
 1506 0147 31       		.uleb128 0x31
 1507 0148 13       		.uleb128 0x13
 1508 0149 01       		.uleb128 0x1
 1509 014a 13       		.uleb128 0x13
 1510 014b 00       		.byte	0
 1511 014c 00       		.byte	0
 1512 014d 19       		.uleb128 0x19
 1513 014e 8A8201   		.uleb128 0x410a
 1514 0151 00       		.byte	0
 1515 0152 02       		.uleb128 0x2
 1516 0153 18       		.uleb128 0x18
 1517 0154 9142     		.uleb128 0x2111
 1518 0156 18       		.uleb128 0x18
 1519 0157 00       		.byte	0
 1520 0158 00       		.byte	0
 1521 0159 1A       		.uleb128 0x1a
 1522 015a 898201   		.uleb128 0x4109
 1523 015d 01       		.byte	0x1
 1524 015e 11       		.uleb128 0x11
 1525 015f 01       		.uleb128 0x1
 1526 0160 31       		.uleb128 0x31
 1527 0161 13       		.uleb128 0x13
 1528 0162 00       		.byte	0
 1529 0163 00       		.byte	0
 1530 0164 1B       		.uleb128 0x1b
 1531 0165 898201   		.uleb128 0x4109
 1532 0168 00       		.byte	0
 1533 0169 11       		.uleb128 0x11
 1534 016a 01       		.uleb128 0x1
 1535 016b 31       		.uleb128 0x31
 1536 016c 13       		.uleb128 0x13
 1537 016d 00       		.byte	0
 1538 016e 00       		.byte	0
 1539 016f 1C       		.uleb128 0x1c
 1540 0170 34       		.uleb128 0x34
 1541 0171 00       		.byte	0
 1542 0172 03       		.uleb128 0x3
ARM GAS  C:\Users\iron\AppData\Local\Temp\ccM5V1N8.s 			page 30


 1543 0173 0E       		.uleb128 0xe
 1544 0174 3A       		.uleb128 0x3a
 1545 0175 0B       		.uleb128 0xb
 1546 0176 3B       		.uleb128 0x3b
 1547 0177 0B       		.uleb128 0xb
 1548 0178 49       		.uleb128 0x49
 1549 0179 13       		.uleb128 0x13
 1550 017a 02       		.uleb128 0x2
 1551 017b 18       		.uleb128 0x18
 1552 017c 00       		.byte	0
 1553 017d 00       		.byte	0
 1554 017e 1D       		.uleb128 0x1d
 1555 017f 34       		.uleb128 0x34
 1556 0180 00       		.byte	0
 1557 0181 03       		.uleb128 0x3
 1558 0182 0E       		.uleb128 0xe
 1559 0183 3A       		.uleb128 0x3a
 1560 0184 0B       		.uleb128 0xb
 1561 0185 3B       		.uleb128 0x3b
 1562 0186 05       		.uleb128 0x5
 1563 0187 49       		.uleb128 0x49
 1564 0188 13       		.uleb128 0x13
 1565 0189 3F       		.uleb128 0x3f
 1566 018a 19       		.uleb128 0x19
 1567 018b 3C       		.uleb128 0x3c
 1568 018c 19       		.uleb128 0x19
 1569 018d 00       		.byte	0
 1570 018e 00       		.byte	0
 1571 018f 1E       		.uleb128 0x1e
 1572 0190 34       		.uleb128 0x34
 1573 0191 00       		.byte	0
 1574 0192 03       		.uleb128 0x3
 1575 0193 0E       		.uleb128 0xe
 1576 0194 3A       		.uleb128 0x3a
 1577 0195 0B       		.uleb128 0xb
 1578 0196 3B       		.uleb128 0x3b
 1579 0197 0B       		.uleb128 0xb
 1580 0198 49       		.uleb128 0x49
 1581 0199 13       		.uleb128 0x13
 1582 019a 3F       		.uleb128 0x3f
 1583 019b 19       		.uleb128 0x19
 1584 019c 3C       		.uleb128 0x3c
 1585 019d 19       		.uleb128 0x19
 1586 019e 00       		.byte	0
 1587 019f 00       		.byte	0
 1588 01a0 1F       		.uleb128 0x1f
 1589 01a1 34       		.uleb128 0x34
 1590 01a2 00       		.byte	0
 1591 01a3 03       		.uleb128 0x3
 1592 01a4 0E       		.uleb128 0xe
 1593 01a5 3A       		.uleb128 0x3a
 1594 01a6 0B       		.uleb128 0xb
 1595 01a7 3B       		.uleb128 0x3b
 1596 01a8 0B       		.uleb128 0xb
 1597 01a9 49       		.uleb128 0x49
 1598 01aa 13       		.uleb128 0x13
 1599 01ab 3F       		.uleb128 0x3f
ARM GAS  C:\Users\iron\AppData\Local\Temp\ccM5V1N8.s 			page 31


 1600 01ac 19       		.uleb128 0x19
 1601 01ad 02       		.uleb128 0x2
 1602 01ae 18       		.uleb128 0x18
 1603 01af 00       		.byte	0
 1604 01b0 00       		.byte	0
 1605 01b1 20       		.uleb128 0x20
 1606 01b2 2E       		.uleb128 0x2e
 1607 01b3 00       		.byte	0
 1608 01b4 3F       		.uleb128 0x3f
 1609 01b5 19       		.uleb128 0x19
 1610 01b6 3C       		.uleb128 0x3c
 1611 01b7 19       		.uleb128 0x19
 1612 01b8 6E       		.uleb128 0x6e
 1613 01b9 0E       		.uleb128 0xe
 1614 01ba 03       		.uleb128 0x3
 1615 01bb 0E       		.uleb128 0xe
 1616 01bc 3A       		.uleb128 0x3a
 1617 01bd 0B       		.uleb128 0xb
 1618 01be 3B       		.uleb128 0x3b
 1619 01bf 05       		.uleb128 0x5
 1620 01c0 00       		.byte	0
 1621 01c1 00       		.byte	0
 1622 01c2 21       		.uleb128 0x21
 1623 01c3 2E       		.uleb128 0x2e
 1624 01c4 00       		.byte	0
 1625 01c5 3F       		.uleb128 0x3f
 1626 01c6 19       		.uleb128 0x19
 1627 01c7 3C       		.uleb128 0x3c
 1628 01c8 19       		.uleb128 0x19
 1629 01c9 6E       		.uleb128 0x6e
 1630 01ca 0E       		.uleb128 0xe
 1631 01cb 03       		.uleb128 0x3
 1632 01cc 0E       		.uleb128 0xe
 1633 01cd 3A       		.uleb128 0x3a
 1634 01ce 0B       		.uleb128 0xb
 1635 01cf 3B       		.uleb128 0x3b
 1636 01d0 0B       		.uleb128 0xb
 1637 01d1 00       		.byte	0
 1638 01d2 00       		.byte	0
 1639 01d3 22       		.uleb128 0x22
 1640 01d4 2E       		.uleb128 0x2e
 1641 01d5 00       		.byte	0
 1642 01d6 3F       		.uleb128 0x3f
 1643 01d7 19       		.uleb128 0x19
 1644 01d8 3C       		.uleb128 0x3c
 1645 01d9 19       		.uleb128 0x19
 1646 01da 6E       		.uleb128 0x6e
 1647 01db 0E       		.uleb128 0xe
 1648 01dc 03       		.uleb128 0x3
 1649 01dd 0E       		.uleb128 0xe
 1650 01de 00       		.byte	0
 1651 01df 00       		.byte	0
 1652 01e0 00       		.byte	0
 1653              		.section	.debug_loc,"",%progbits
 1654              	.Ldebug_loc0:
 1655              	.LLST0:
 1656 0000 52000000 		.4byte	.LVL9
ARM GAS  C:\Users\iron\AppData\Local\Temp\ccM5V1N8.s 			page 32


 1657 0004 56000000 		.4byte	.LVL10
 1658 0008 0200     		.2byte	0x2
 1659 000a 30       		.byte	0x30
 1660 000b 9F       		.byte	0x9f
 1661 000c 56000000 		.4byte	.LVL10
 1662 0010 6C000000 		.4byte	.LVL13
 1663 0014 0100     		.2byte	0x1
 1664 0016 54       		.byte	0x54
 1665 0017 6E000000 		.4byte	.LVL14
 1666 001b 72000000 		.4byte	.LVL15
 1667 001f 0100     		.2byte	0x1
 1668 0021 54       		.byte	0x54
 1669 0022 00000000 		.4byte	0
 1670 0026 00000000 		.4byte	0
 1671              		.section	.debug_aranges,"",%progbits
 1672 0000 24000000 		.4byte	0x24
 1673 0004 0200     		.2byte	0x2
 1674 0006 00000000 		.4byte	.Ldebug_info0
 1675 000a 04       		.byte	0x4
 1676 000b 00       		.byte	0
 1677 000c 0000     		.2byte	0
 1678 000e 0000     		.2byte	0
 1679 0010 00000000 		.4byte	.LFB37
 1680 0014 18000000 		.4byte	.LFE37-.LFB37
 1681 0018 00000000 		.4byte	.LFB36
 1682 001c EC000000 		.4byte	.LFE36-.LFB36
 1683 0020 00000000 		.4byte	0
 1684 0024 00000000 		.4byte	0
 1685              		.section	.debug_ranges,"",%progbits
 1686              	.Ldebug_ranges0:
 1687 0000 00000000 		.4byte	.LFB37
 1688 0004 18000000 		.4byte	.LFE37
 1689 0008 00000000 		.4byte	.LFB36
 1690 000c EC000000 		.4byte	.LFE36
 1691 0010 00000000 		.4byte	0
 1692 0014 00000000 		.4byte	0
 1693              		.section	.debug_line,"",%progbits
 1694              	.Ldebug_line0:
 1695 0000 19010000 		.section	.debug_str,"MS",%progbits,1
 1695      0200CB00 
 1695      00000201 
 1695      FB0E0D00 
 1695      01010101 
 1696              	.LASF58:
 1697 0000 4359424C 		.ascii	"CYBLE_EVT_GATTC_READ_BLOB_RSP\000"
 1697      455F4556 
 1697      545F4741 
 1697      5454435F 
 1697      52454144 
 1698              	.LASF22:
 1699 001e 4359424C 		.ascii	"CYBLE_EVT_STACK_BUSY_STATUS\000"
 1699      455F4556 
 1699      545F5354 
 1699      41434B5F 
 1699      42555359 
 1700              	.LASF99:
 1701 003a 4359424C 		.ascii	"CYBLE_STATE_STOPPED\000"
ARM GAS  C:\Users\iron\AppData\Local\Temp\ccM5V1N8.s 			page 33


 1701      455F5354 
 1701      4154455F 
 1701      53544F50 
 1701      50454400 
 1702              	.LASF80:
 1703 004e 4359424C 		.ascii	"CYBLE_EVT_L2CAP_CBFC_DATA_READ\000"
 1703      455F4556 
 1703      545F4C32 
 1703      4341505F 
 1703      43424643 
 1704              	.LASF92:
 1705 006d 4359424C 		.ascii	"CYBLE_CONN_HANDLE_T\000"
 1705      455F434F 
 1705      4E4E5F48 
 1705      414E444C 
 1705      455F5400 
 1706              	.LASF107:
 1707 0081 5345545F 		.ascii	"SET_OUTPUT_RATE\000"
 1707      4F555450 
 1707      55545F52 
 1707      41544500 
 1708              	.LASF84:
 1709 0091 4359424C 		.ascii	"CYBLE_EVT_PENDING_FLASH_WRITE\000"
 1709      455F4556 
 1709      545F5045 
 1709      4E44494E 
 1709      475F464C 
 1710              	.LASF108:
 1711 00af 5345545F 		.ascii	"SET_OUTPUT_CODE\000"
 1711      4F555450 
 1711      55545F43 
 1711      4F444500 
 1712              	.LASF79:
 1713 00bf 4359424C 		.ascii	"CYBLE_EVT_L2CAP_CBFC_DISCONN_CNF\000"
 1713      455F4556 
 1713      545F4C32 
 1713      4341505F 
 1713      43424643 
 1714              	.LASF0:
 1715 00e0 7369676E 		.ascii	"signed char\000"
 1715      65642063 
 1715      68617200 
 1716              	.LASF64:
 1717 00ec 4359424C 		.ascii	"CYBLE_EVT_GATTS_EXEC_WRITE_REQ\000"
 1717      455F4556 
 1717      545F4741 
 1717      5454535F 
 1717      45584543 
 1718              	.LASF53:
 1719 010b 4359424C 		.ascii	"CYBLE_EVT_GATTC_READ_BY_GROUP_TYPE_RSP\000"
 1719      455F4556 
 1719      545F4741 
 1719      5454435F 
 1719      52454144 
 1720              	.LASF147:
 1721 0132 5345545F 		.ascii	"SET_MOTION_OFFSET_X\000"
 1721      4D4F5449 
ARM GAS  C:\Users\iron\AppData\Local\Temp\ccM5V1N8.s 			page 34


 1721      4F4E5F4F 
 1721      46465345 
 1721      545F5800 
 1722              	.LASF148:
 1723 0146 5345545F 		.ascii	"SET_MOTION_OFFSET_Y\000"
 1723      4D4F5449 
 1723      4F4E5F4F 
 1723      46465345 
 1723      545F5900 
 1724              	.LASF149:
 1725 015a 5345545F 		.ascii	"SET_MOTION_OFFSET_Z\000"
 1725      4D4F5449 
 1725      4F4E5F4F 
 1725      46465345 
 1725      545F5A00 
 1726              	.LASF143:
 1727 016e 43414C49 		.ascii	"CALIBRATION_MAGNETO_PXY\000"
 1727      42524154 
 1727      494F4E5F 
 1727      4D41474E 
 1727      45544F5F 
 1728              	.LASF4:
 1729 0186 6C6F6E67 		.ascii	"long int\000"
 1729      20696E74 
 1729      00
 1730              	.LASF175:
 1731 018f 474E5520 		.ascii	"GNU C11 5.4.1 20160609 (release) [ARM/embedded-5-br"
 1731      43313120 
 1731      352E342E 
 1731      31203230 
 1731      31363036 
 1732 01c2 616E6368 		.ascii	"anch revision 237715] -mcpu=cortex-m0 -mthumb -g -O"
 1732      20726576 
 1732      6973696F 
 1732      6E203233 
 1732      37373135 
 1733 01f5 67202D66 		.ascii	"g -ffunction-sections -ffat-lto-objects\000"
 1733      66756E63 
 1733      74696F6E 
 1733      2D736563 
 1733      74696F6E 
 1734              	.LASF136:
 1735 021d 504F535F 		.ascii	"POS_FILTER_PARAM_AR\000"
 1735      46494C54 
 1735      45525F50 
 1735      4152414D 
 1735      5F415200 
 1736              	.LASF140:
 1737 0231 43414C49 		.ascii	"CALIBRATION_ACCELERO_SIMPLE\000"
 1737      42524154 
 1737      494F4E5F 
 1737      41434345 
 1737      4C45524F 
 1738              	.LASF7:
 1739 024d 6C6F6E67 		.ascii	"long long unsigned int\000"
 1739      206C6F6E 
 1739      6720756E 
ARM GAS  C:\Users\iron\AppData\Local\Temp\ccM5V1N8.s 			page 35


 1739      7369676E 
 1739      65642069 
 1740              	.LASF94:
 1741 0264 4359424C 		.ascii	"CYBLE_GATT_VALUE_T\000"
 1741      455F4741 
 1741      54545F56 
 1741      414C5545 
 1741      5F5400
 1742              	.LASF21:
 1743 0277 4359424C 		.ascii	"CYBLE_EVT_HCI_STATUS\000"
 1743      455F4556 
 1743      545F4843 
 1743      495F5354 
 1743      41545553 
 1744              	.LASF162:
 1745 028c 6379426C 		.ascii	"cyBle_busyStatus\000"
 1745      655F6275 
 1745      73795374 
 1745      61747573 
 1745      00
 1746              	.LASF73:
 1747 029d 4359424C 		.ascii	"CYBLE_EVT_L2CAP_CONN_PARAM_UPDATE_REQ\000"
 1747      455F4556 
 1747      545F4C32 
 1747      4341505F 
 1747      434F4E4E 
 1748              	.LASF119:
 1749 02c3 5345545F 		.ascii	"SET_LPF_GYRO\000"
 1749      4C50465F 
 1749      4759524F 
 1749      00
 1750              	.LASF33:
 1751 02d0 4359424C 		.ascii	"CYBLE_EVT_GAP_ENCRYPT_CHANGE\000"
 1751      455F4556 
 1751      545F4741 
 1751      505F454E 
 1751      43525950 
 1752              	.LASF115:
 1753 02ed 5345545F 		.ascii	"SET_OUTPUT_TIMESTAMP\000"
 1753      4F555450 
 1753      55545F54 
 1753      494D4553 
 1753      54414D50 
 1754              	.LASF163:
 1755 0302 626C655F 		.ascii	"ble_mtu_req\000"
 1755      6D74755F 
 1755      72657100 
 1756              	.LASF6:
 1757 030e 6C6F6E67 		.ascii	"long long int\000"
 1757      206C6F6E 
 1757      6720696E 
 1757      7400
 1758              	.LASF173:
 1759 031c 4379426C 		.ascii	"CyBle_GattsNotification\000"
 1759      655F4761 
 1759      7474734E 
 1759      6F746966 
ARM GAS  C:\Users\iron\AppData\Local\Temp\ccM5V1N8.s 			page 36


 1759      69636174 
 1760              	.LASF18:
 1761 0334 4359424C 		.ascii	"CYBLE_EVT_STACK_ON\000"
 1761      455F4556 
 1761      545F5354 
 1761      41434B5F 
 1761      4F4E00
 1762              	.LASF35:
 1763 0347 4359424C 		.ascii	"CYBLE_EVT_GAPC_SCAN_START_STOP\000"
 1763      455F4556 
 1763      545F4741 
 1763      50435F53 
 1763      43414E5F 
 1764              	.LASF139:
 1765 0366 43414C49 		.ascii	"CALIBRATION_ACCELERO_FREE\000"
 1765      42524154 
 1765      494F4E5F 
 1765      41434345 
 1765      4C45524F 
 1766              	.LASF93:
 1767 0380 61637475 		.ascii	"actualLen\000"
 1767      616C4C65 
 1767      6E00
 1768              	.LASF25:
 1769 038a 4359424C 		.ascii	"CYBLE_EVT_GAP_AUTH_REQ\000"
 1769      455F4556 
 1769      545F4741 
 1769      505F4155 
 1769      54485F52 
 1770              	.LASF122:
 1771 03a1 5345545F 		.ascii	"SET_FILTER_FACTOR_ACCELERO\000"
 1771      46494C54 
 1771      45525F46 
 1771      4143544F 
 1771      525F4143 
 1772              	.LASF57:
 1773 03bc 4359424C 		.ascii	"CYBLE_EVT_GATTC_READ_RSP\000"
 1773      455F4556 
 1773      545F4741 
 1773      5454435F 
 1773      52454144 
 1774              	.LASF125:
 1775 03d5 5241415F 		.ascii	"RAA_ALGORITHM_PARAM_TIMEOUT\000"
 1775      414C474F 
 1775      52495448 
 1775      4D5F5041 
 1775      52414D5F 
 1776              	.LASF17:
 1777 03f1 4359424C 		.ascii	"CYBLE_EVT_HOST_INVALID\000"
 1777      455F4556 
 1777      545F484F 
 1777      53545F49 
 1777      4E56414C 
 1778              	.LASF150:
 1779 0408 5345545F 		.ascii	"SET_MOTION_OFFSET_XY\000"
 1779      4D4F5449 
 1779      4F4E5F4F 
ARM GAS  C:\Users\iron\AppData\Local\Temp\ccM5V1N8.s 			page 37


 1779      46465345 
 1779      545F5859 
 1780              	.LASF62:
 1781 041d 4359424C 		.ascii	"CYBLE_EVT_GATTS_WRITE_CMD_REQ\000"
 1781      455F4556 
 1781      545F4741 
 1781      5454535F 
 1781      57524954 
 1782              	.LASF104:
 1783 043b 4359424C 		.ascii	"CYBLE_STATE_DISCONNECTED\000"
 1783      455F5354 
 1783      4154455F 
 1783      44495343 
 1783      4F4E4E45 
 1784              	.LASF165:
 1785 0454 43795379 		.ascii	"CySysTickGetCallback\000"
 1785      73546963 
 1785      6B476574 
 1785      43616C6C 
 1785      6261636B 
 1786              	.LASF30:
 1787 0469 4359424C 		.ascii	"CYBLE_EVT_GAPP_ADVERTISEMENT_START_STOP\000"
 1787      455F4556 
 1787      545F4741 
 1787      50505F41 
 1787      44564552 
 1788              	.LASF180:
 1789 0491 6D656D63 		.ascii	"memcpy\000"
 1789      707900
 1790              	.LASF12:
 1791 0498 75696E74 		.ascii	"uint8\000"
 1791      3800
 1792              	.LASF65:
 1793 049e 4359424C 		.ascii	"CYBLE_EVT_GATTC_EXEC_WRITE_RSP\000"
 1793      455F4556 
 1793      545F4741 
 1793      5454435F 
 1793      45584543 
 1794              	.LASF156:
 1795 04bd 4C4F4144 		.ascii	"LOAD_FACTORORY_SETTINGS\000"
 1795      5F464143 
 1795      544F524F 
 1795      52595F53 
 1795      45545449 
 1796              	.LASF16:
 1797 04d5 646F7562 		.ascii	"double\000"
 1797      6C6500
 1798              	.LASF102:
 1799 04dc 4359424C 		.ascii	"CYBLE_STATE_SCANNING\000"
 1799      455F5354 
 1799      4154455F 
 1799      5343414E 
 1799      4E494E47 
 1800              	.LASF14:
 1801 04f1 75696E74 		.ascii	"uint32\000"
 1801      333200
 1802              	.LASF88:
ARM GAS  C:\Users\iron\AppData\Local\Temp\ccM5V1N8.s 			page 38


 1803 04f8 4359424C 		.ascii	"CYBLE_EVT_MAX\000"
 1803      455F4556 
 1803      545F4D41 
 1803      5800
 1804              	.LASF90:
 1805 0506 62644861 		.ascii	"bdHandle\000"
 1805      6E646C65 
 1805      00
 1806              	.LASF159:
 1807 050f 6D735F63 		.ascii	"ms_cnt\000"
 1807      6E7400
 1808              	.LASF96:
 1809 0516 61747472 		.ascii	"attrHandle\000"
 1809      48616E64 
 1809      6C6500
 1810              	.LASF83:
 1811 0521 4359424C 		.ascii	"CYBLE_EVT_L2CAP_CBFC_DATA_WRITE_IND\000"
 1811      455F4556 
 1811      545F4C32 
 1811      4341505F 
 1811      43424643 
 1812              	.LASF152:
 1813 0545 434F4E46 		.ascii	"CONFIGURATION\000"
 1813      49475552 
 1813      4154494F 
 1813      4E00
 1814              	.LASF132:
 1815 0553 41565F43 		.ascii	"AV_CANCEL_PARAM_ACCELERO_ENABLE\000"
 1815      414E4345 
 1815      4C5F5041 
 1815      52414D5F 
 1815      41434345 
 1816              	.LASF153:
 1817 0573 504F5745 		.ascii	"POWER_ON_START\000"
 1817      525F4F4E 
 1817      5F535441 
 1817      525400
 1818              	.LASF95:
 1819 0582 76616C75 		.ascii	"value\000"
 1819      6500
 1820              	.LASF70:
 1821 0588 4359424C 		.ascii	"CYBLE_EVT_GATTC_STOP_CMD_COMPLETE\000"
 1821      455F4556 
 1821      545F4741 
 1821      5454435F 
 1821      53544F50 
 1822              	.LASF8:
 1823 05aa 756E7369 		.ascii	"unsigned int\000"
 1823      676E6564 
 1823      20696E74 
 1823      00
 1824              	.LASF85:
 1825 05b7 4359424C 		.ascii	"CYBLE_EVT_LE_PING_AUTH_TIMEOUT\000"
 1825      455F4556 
 1825      545F4C45 
 1825      5F50494E 
 1825      475F4155 
ARM GAS  C:\Users\iron\AppData\Local\Temp\ccM5V1N8.s 			page 39


 1826              	.LASF141:
 1827 05d6 43414C49 		.ascii	"CALIBRATION_MAGNETO_FREE\000"
 1827      42524154 
 1827      494F4E5F 
 1827      4D41474E 
 1827      45544F5F 
 1828              	.LASF5:
 1829 05ef 6C6F6E67 		.ascii	"long unsigned int\000"
 1829      20756E73 
 1829      69676E65 
 1829      6420696E 
 1829      7400
 1830              	.LASF34:
 1831 0601 4359424C 		.ascii	"CYBLE_EVT_GAP_CONNECTION_UPDATE_COMPLETE\000"
 1831      455F4556 
 1831      545F4741 
 1831      505F434F 
 1831      4E4E4543 
 1832              	.LASF52:
 1833 062a 4359424C 		.ascii	"CYBLE_EVT_GATTC_XCHNG_MTU_RSP\000"
 1833      455F4556 
 1833      545F4741 
 1833      5454435F 
 1833      5843484E 
 1834              	.LASF69:
 1835 0648 4359424C 		.ascii	"CYBLE_EVT_GATTS_DATA_SIGNED_CMD_REQ\000"
 1835      455F4556 
 1835      545F4741 
 1835      5454535F 
 1835      44415441 
 1836              	.LASF72:
 1837 066c 4359424C 		.ascii	"CYBLE_EVT_GATTC_LONG_PROCEDURE_END\000"
 1837      455F4556 
 1837      545F4741 
 1837      5454435F 
 1837      4C4F4E47 
 1838              	.LASF168:
 1839 068f 55415254 		.ascii	"UART_DBG_Start\000"
 1839      5F444247 
 1839      5F537461 
 1839      727400
 1840              	.LASF3:
 1841 069e 73686F72 		.ascii	"short unsigned int\000"
 1841      7420756E 
 1841      7369676E 
 1841      65642069 
 1841      6E7400
 1842              	.LASF144:
 1843 06b1 43414C49 		.ascii	"CALIBRATION_MAGNETO_Z\000"
 1843      42524154 
 1843      494F4E5F 
 1843      4D41474E 
 1843      45544F5F 
 1844              	.LASF55:
 1845 06c7 4359424C 		.ascii	"CYBLE_EVT_GATTC_FIND_INFO_RSP\000"
 1845      455F4556 
 1845      545F4741 
ARM GAS  C:\Users\iron\AppData\Local\Temp\ccM5V1N8.s 			page 40


 1845      5454435F 
 1845      46494E44 
 1846              	.LASF23:
 1847 06e5 4359424C 		.ascii	"CYBLE_EVT_MEMORY_REQUEST\000"
 1847      455F4556 
 1847      545F4D45 
 1847      4D4F5259 
 1847      5F524551 
 1848              	.LASF26:
 1849 06fe 4359424C 		.ascii	"CYBLE_EVT_GAP_PASSKEY_ENTRY_REQUEST\000"
 1849      455F4556 
 1849      545F4741 
 1849      505F5041 
 1849      53534B45 
 1850              	.LASF31:
 1851 0722 4359424C 		.ascii	"CYBLE_EVT_GAP_DEVICE_CONNECTED\000"
 1851      455F4556 
 1851      545F4741 
 1851      505F4445 
 1851      56494345 
 1852              	.LASF128:
 1853 0741 41475F43 		.ascii	"AG_CALIBER_PARAM_ENABLE\000"
 1853      414C4942 
 1853      45525F50 
 1853      4152414D 
 1853      5F454E41 
 1854              	.LASF178:
 1855 0759 73797374 		.ascii	"systick_isr_callback\000"
 1855      69636B5F 
 1855      6973725F 
 1855      63616C6C 
 1855      6261636B 
 1856              	.LASF60:
 1857 076e 4359424C 		.ascii	"CYBLE_EVT_GATTS_WRITE_REQ\000"
 1857      455F4556 
 1857      545F4741 
 1857      5454535F 
 1857      57524954 
 1858              	.LASF46:
 1859 0788 4359424C 		.ascii	"CYBLE_EVT_GAP_AUTH_REQ_REPLY_ERR\000"
 1859      455F4556 
 1859      545F4741 
 1859      505F4155 
 1859      54485F52 
 1860              	.LASF170:
 1861 07a9 4379426C 		.ascii	"CyBle_Start\000"
 1861      655F5374 
 1861      61727400 
 1862              	.LASF118:
 1863 07b5 5345545F 		.ascii	"SET_SENS_ACCELERO\000"
 1863      53454E53 
 1863      5F414343 
 1863      454C4552 
 1863      4F00
 1864              	.LASF54:
 1865 07c7 4359424C 		.ascii	"CYBLE_EVT_GATTC_READ_BY_TYPE_RSP\000"
 1865      455F4556 
ARM GAS  C:\Users\iron\AppData\Local\Temp\ccM5V1N8.s 			page 41


 1865      545F4741 
 1865      5454435F 
 1865      52454144 
 1866              	.LASF133:
 1867 07e8 504F535F 		.ascii	"POS_FILTER_PARAM_SL\000"
 1867      46494C54 
 1867      45525F50 
 1867      4152414D 
 1867      5F534C00 
 1868              	.LASF160:
 1869 07fc 6379426C 		.ascii	"cyBle_state\000"
 1869      655F7374 
 1869      61746500 
 1870              	.LASF109:
 1871 0808 5345545F 		.ascii	"SET_OUTPUT_FORMAT\000"
 1871      4F555450 
 1871      55545F46 
 1871      4F524D41 
 1871      5400
 1872              	.LASF123:
 1873 081a 5345545F 		.ascii	"SET_FILTER_FACTOR_MAGNETO\000"
 1873      46494C54 
 1873      45525F46 
 1873      4143544F 
 1873      525F4D41 
 1874              	.LASF49:
 1875 0834 4359424C 		.ascii	"CYBLE_EVT_GATT_CONNECT_IND\000"
 1875      455F4556 
 1875      545F4741 
 1875      54545F43 
 1875      4F4E4E45 
 1876              	.LASF75:
 1877 084f 4359424C 		.ascii	"CYBLE_EVT_L2CAP_COMMAND_REJ\000"
 1877      455F4556 
 1877      545F4C32 
 1877      4341505F 
 1877      434F4D4D 
 1878              	.LASF24:
 1879 086b 4359424C 		.ascii	"CYBLE_EVT_GAPC_SCAN_PROGRESS_RESULT\000"
 1879      455F4556 
 1879      545F4741 
 1879      50435F53 
 1879      43414E5F 
 1880              	.LASF91:
 1881 088f 61747449 		.ascii	"attId\000"
 1881      6400
 1882              	.LASF47:
 1883 0895 4359424C 		.ascii	"CYBLE_EVT_GAP_SMP_LOC_P256_KEYS_GEN_AND_SET_COMPLET"
 1883      455F4556 
 1883      545F4741 
 1883      505F534D 
 1883      505F4C4F 
 1884 08c8 4500     		.ascii	"E\000"
 1885              	.LASF76:
 1886 08ca 4359424C 		.ascii	"CYBLE_EVT_L2CAP_CBFC_CONN_IND\000"
 1886      455F4556 
 1886      545F4C32 
ARM GAS  C:\Users\iron\AppData\Local\Temp\ccM5V1N8.s 			page 42


 1886      4341505F 
 1886      43424643 
 1887              	.LASF167:
 1888 08e8 43795379 		.ascii	"CySysTickStart\000"
 1888      73546963 
 1888      6B537461 
 1888      727400
 1889              	.LASF10:
 1890 08f7 73697A65 		.ascii	"sizetype\000"
 1890      74797065 
 1890      00
 1891              	.LASF114:
 1892 0900 5345545F 		.ascii	"SET_OUTPUT_TEMPERATURE\000"
 1892      4F555450 
 1892      55545F54 
 1892      454D5045 
 1892      52415455 
 1893              	.LASF98:
 1894 0917 4359424C 		.ascii	"CYBLE_GATTS_HANDLE_VALUE_NTF_T\000"
 1894      455F4741 
 1894      5454535F 
 1894      48414E44 
 1894      4C455F56 
 1895              	.LASF100:
 1896 0936 4359424C 		.ascii	"CYBLE_STATE_INITIALIZING\000"
 1896      455F5354 
 1896      4154455F 
 1896      494E4954 
 1896      49414C49 
 1897              	.LASF29:
 1898 094f 4359424C 		.ascii	"CYBLE_EVT_GAP_AUTH_FAILED\000"
 1898      455F4556 
 1898      545F4741 
 1898      505F4155 
 1898      54485F46 
 1899              	.LASF161:
 1900 0969 6379426C 		.ascii	"cyBle_connHandle\000"
 1900      655F636F 
 1900      6E6E4861 
 1900      6E646C65 
 1900      00
 1901              	.LASF61:
 1902 097a 4359424C 		.ascii	"CYBLE_EVT_GATTC_WRITE_RSP\000"
 1902      455F4556 
 1902      545F4741 
 1902      5454435F 
 1902      57524954 
 1903              	.LASF42:
 1904 0994 4359424C 		.ascii	"CYBLE_EVT_GAPC_DIRECT_ADV_REPORT\000"
 1904      455F4556 
 1904      545F4741 
 1904      50435F44 
 1904      49524543 
 1905              	.LASF40:
 1906 09b5 4359424C 		.ascii	"CYBLE_EVT_GAP_DATA_LENGTH_CHANGE\000"
 1906      455F4556 
 1906      545F4741 
ARM GAS  C:\Users\iron\AppData\Local\Temp\ccM5V1N8.s 			page 43


 1906      505F4441 
 1906      54415F4C 
 1907              	.LASF45:
 1908 09d6 4359424C 		.ascii	"CYBLE_EVT_GAP_SCAN_REQ_RECVD\000"
 1908      455F4556 
 1908      545F4741 
 1908      505F5343 
 1908      414E5F52 
 1909              	.LASF174:
 1910 09f3 4379426C 		.ascii	"CyBle_ProcessEvents\000"
 1910      655F5072 
 1910      6F636573 
 1910      73457665 
 1910      6E747300 
 1911              	.LASF28:
 1912 0a07 4359424C 		.ascii	"CYBLE_EVT_GAP_AUTH_COMPLETE\000"
 1912      455F4556 
 1912      545F4741 
 1912      505F4155 
 1912      54485F43 
 1913              	.LASF124:
 1914 0a23 5241415F 		.ascii	"RAA_ALGORITHM_PARAM_LEVEL\000"
 1914      414C474F 
 1914      52495448 
 1914      4D5F5041 
 1914      52414D5F 
 1915              	.LASF66:
 1916 0a3d 4359424C 		.ascii	"CYBLE_EVT_GATTC_HANDLE_VALUE_NTF\000"
 1916      455F4556 
 1916      545F4741 
 1916      5454435F 
 1916      48414E44 
 1917              	.LASF154:
 1918 0a5e 53544152 		.ascii	"START\000"
 1918      5400
 1919              	.LASF97:
 1920 0a64 4359424C 		.ascii	"CYBLE_GATT_HANDLE_VALUE_PAIR_T\000"
 1920      455F4741 
 1920      54545F48 
 1920      414E444C 
 1920      455F5641 
 1921              	.LASF176:
 1922 0a83 6D61696E 		.ascii	"main.c\000"
 1922      2E6300
 1923              	.LASF77:
 1924 0a8a 4359424C 		.ascii	"CYBLE_EVT_L2CAP_CBFC_CONN_CNF\000"
 1924      455F4556 
 1924      545F4C32 
 1924      4341505F 
 1924      43424643 
 1925              	.LASF131:
 1926 0aa8 41565F43 		.ascii	"AV_CANCEL_PARAM_GYRO_ENABLE\000"
 1926      414E4345 
 1926      4C5F5041 
 1926      52414D5F 
 1926      4759524F 
 1927              	.LASF44:
ARM GAS  C:\Users\iron\AppData\Local\Temp\ccM5V1N8.s 			page 44


 1928 0ac4 4359424C 		.ascii	"CYBLE_EVT_GAP_CONN_ESTB\000"
 1928      455F4556 
 1928      545F4741 
 1928      505F434F 
 1928      4E4E5F45 
 1929              	.LASF15:
 1930 0adc 666C6F61 		.ascii	"float\000"
 1930      7400
 1931              	.LASF164:
 1932 0ae2 626C655F 		.ascii	"ble_mtu_recv\000"
 1932      6D74755F 
 1932      72656376 
 1932      00
 1933              	.LASF169:
 1934 0aef 55415254 		.ascii	"UART_IMU_Start\000"
 1934      5F494D55 
 1934      5F537461 
 1934      727400
 1935              	.LASF157:
 1936 0afe 52455345 		.ascii	"RESET\000"
 1936      5400
 1937              	.LASF120:
 1938 0b04 5345545F 		.ascii	"SET_LPF_ACCELERO\000"
 1938      4C50465F 
 1938      41434345 
 1938      4C45524F 
 1938      00
 1939              	.LASF116:
 1940 0b15 5345545F 		.ascii	"SET_ENABLE_MAGNETO\000"
 1940      454E4142 
 1940      4C455F4D 
 1940      41474E45 
 1940      544F00
 1941              	.LASF1:
 1942 0b28 756E7369 		.ascii	"unsigned char\000"
 1942      676E6564 
 1942      20636861 
 1942      7200
 1943              	.LASF13:
 1944 0b36 75696E74 		.ascii	"uint16\000"
 1944      313600
 1945              	.LASF38:
 1946 0b3d 4359424C 		.ascii	"CYBLE_EVT_GAP_KEYPRESS_NOTIFICATION\000"
 1946      455F4556 
 1946      545F4741 
 1946      505F4B45 
 1946      59505245 
 1947              	.LASF110:
 1948 0b61 5345545F 		.ascii	"SET_OUTPUT_GYRO\000"
 1948      4F555450 
 1948      55545F47 
 1948      59524F00 
 1949              	.LASF103:
 1950 0b71 4359424C 		.ascii	"CYBLE_STATE_CONNECTING\000"
 1950      455F5354 
 1950      4154455F 
 1950      434F4E4E 
ARM GAS  C:\Users\iron\AppData\Local\Temp\ccM5V1N8.s 			page 45


 1950      45435449 
 1951              	.LASF2:
 1952 0b88 73686F72 		.ascii	"short int\000"
 1952      7420696E 
 1952      7400
 1953              	.LASF67:
 1954 0b92 4359424C 		.ascii	"CYBLE_EVT_GATTC_HANDLE_VALUE_IND\000"
 1954      455F4556 
 1954      545F4741 
 1954      5454435F 
 1954      48414E44 
 1955              	.LASF37:
 1956 0bb3 4359424C 		.ascii	"CYBLE_EVT_GAP_NUMERIC_COMPARISON_REQUEST\000"
 1956      455F4556 
 1956      545F4741 
 1956      505F4E55 
 1956      4D455249 
 1957              	.LASF86:
 1958 0bdc 4359424C 		.ascii	"CYBLE_EVT_HCI_PKT\000"
 1958      455F4556 
 1958      545F4843 
 1958      495F504B 
 1958      5400
 1959              	.LASF137:
 1960 0bee 504F535F 		.ascii	"POS_ZERO\000"
 1960      5A45524F 
 1960      00
 1961              	.LASF121:
 1962 0bf7 5345545F 		.ascii	"SET_FILTER_FACTOR\000"
 1962      46494C54 
 1962      45525F46 
 1962      4143544F 
 1962      5200
 1963              	.LASF155:
 1964 0c09 53544F50 		.ascii	"STOP\000"
 1964      00
 1965              	.LASF158:
 1966 0c0e 56455253 		.ascii	"VERSION_CHECK\000"
 1966      494F4E5F 
 1966      43484543 
 1966      4B00
 1967              	.LASF63:
 1968 0c1c 4359424C 		.ascii	"CYBLE_EVT_GATTS_PREP_WRITE_REQ\000"
 1968      455F4556 
 1968      545F4741 
 1968      5454535F 
 1968      50524550 
 1969              	.LASF127:
 1970 0c3b 5248415F 		.ascii	"RHA_ALGORITHM_PARAM_TIMEOUT\000"
 1970      414C474F 
 1970      52495448 
 1970      4D5F5041 
 1970      52414D5F 
 1971              	.LASF138:
 1972 0c57 43414C49 		.ascii	"CALIBRATION_GYRO\000"
 1972      42524154 
 1972      494F4E5F 
ARM GAS  C:\Users\iron\AppData\Local\Temp\ccM5V1N8.s 			page 46


 1972      4759524F 
 1972      00
 1973              	.LASF145:
 1974 0c68 43414C49 		.ascii	"CALIBRATION_MAGNETO_PZ\000"
 1974      42524154 
 1974      494F4E5F 
 1974      4D41474E 
 1974      45544F5F 
 1975              	.LASF68:
 1976 0c7f 4359424C 		.ascii	"CYBLE_EVT_GATTS_HANDLE_VALUE_CNF\000"
 1976      455F4556 
 1976      545F4741 
 1976      5454535F 
 1976      48414E44 
 1977              	.LASF48:
 1978 0ca0 4359424C 		.ascii	"CYBLE_EVT_GATTC_ERROR_RSP\000"
 1978      455F4556 
 1978      545F4741 
 1978      5454435F 
 1978      4552524F 
 1979              	.LASF43:
 1980 0cba 4359424C 		.ascii	"CYBLE_EVT_GAP_SMP_NEGOTIATED_AUTH_INFO\000"
 1980      455F4556 
 1980      545F4741 
 1980      505F534D 
 1980      505F4E45 
 1981              	.LASF112:
 1982 0ce1 5345545F 		.ascii	"SET_OUTPUT_MAGNETO\000"
 1982      4F555450 
 1982      55545F4D 
 1982      41474E45 
 1982      544F00
 1983              	.LASF19:
 1984 0cf4 4359424C 		.ascii	"CYBLE_EVT_TIMEOUT\000"
 1984      455F4556 
 1984      545F5449 
 1984      4D454F55 
 1984      5400
 1985              	.LASF9:
 1986 0d06 6C6F6E67 		.ascii	"long double\000"
 1986      20646F75 
 1986      626C6500 
 1987              	.LASF11:
 1988 0d12 63686172 		.ascii	"char\000"
 1988      00
 1989              	.LASF59:
 1990 0d17 4359424C 		.ascii	"CYBLE_EVT_GATTC_READ_MULTI_RSP\000"
 1990      455F4556 
 1990      545F4741 
 1990      5454435F 
 1990      52454144 
 1991              	.LASF32:
 1992 0d36 4359424C 		.ascii	"CYBLE_EVT_GAP_DEVICE_DISCONNECTED\000"
 1992      455F4556 
 1992      545F4741 
 1992      505F4445 
 1992      56494345 
ARM GAS  C:\Users\iron\AppData\Local\Temp\ccM5V1N8.s 			page 47


 1993              	.LASF142:
 1994 0d58 43414C49 		.ascii	"CALIBRATION_MAGNETO_XY\000"
 1994      42524154 
 1994      494F4E5F 
 1994      4D41474E 
 1994      45544F5F 
 1995              	.LASF71:
 1996 0d6f 4359424C 		.ascii	"CYBLE_EVT_GATTS_READ_CHAR_VAL_ACCESS_REQ\000"
 1996      455F4556 
 1996      545F4741 
 1996      5454535F 
 1996      52454144 
 1997              	.LASF81:
 1998 0d98 4359424C 		.ascii	"CYBLE_EVT_L2CAP_CBFC_RX_CREDIT_IND\000"
 1998      455F4556 
 1998      545F4C32 
 1998      4341505F 
 1998      43424643 
 1999              	.LASF166:
 2000 0dbb 43795379 		.ascii	"CySysTickSetCallback\000"
 2000      73546963 
 2000      6B536574 
 2000      43616C6C 
 2000      6261636B 
 2001              	.LASF82:
 2002 0dd0 4359424C 		.ascii	"CYBLE_EVT_L2CAP_CBFC_TX_CREDIT_IND\000"
 2002      455F4556 
 2002      545F4C32 
 2002      4341505F 
 2002      43424643 
 2003              	.LASF106:
 2004 0df3 5345545F 		.ascii	"SET_BAUDRATE\000"
 2004      42415544 
 2004      52415445 
 2004      00
 2005              	.LASF27:
 2006 0e00 4359424C 		.ascii	"CYBLE_EVT_GAP_PASSKEY_DISPLAY_REQUEST\000"
 2006      455F4556 
 2006      545F4741 
 2006      505F5041 
 2006      53534B45 
 2007              	.LASF20:
 2008 0e26 4359424C 		.ascii	"CYBLE_EVT_HARDWARE_ERROR\000"
 2008      455F4556 
 2008      545F4841 
 2008      52445741 
 2008      52455F45 
 2009              	.LASF39:
 2010 0e3f 4359424C 		.ascii	"CYBLE_EVT_GAP_OOB_GENERATED_NOTIFICATION\000"
 2010      455F4556 
 2010      545F4741 
 2010      505F4F4F 
 2010      425F4745 
 2011              	.LASF51:
 2012 0e68 4359424C 		.ascii	"CYBLE_EVT_GATTS_XCNHG_MTU_REQ\000"
 2012      455F4556 
 2012      545F4741 
ARM GAS  C:\Users\iron\AppData\Local\Temp\ccM5V1N8.s 			page 48


 2012      5454535F 
 2012      58434E48 
 2013              	.LASF146:
 2014 0e86 5345545F 		.ascii	"SET_MOTION_OFFSET\000"
 2014      4D4F5449 
 2014      4F4E5F4F 
 2014      46465345 
 2014      5400
 2015              	.LASF105:
 2016 0e98 4359424C 		.ascii	"CYBLE_STATE_T\000"
 2016      455F5354 
 2016      4154455F 
 2016      5400
 2017              	.LASF113:
 2018 0ea6 5345545F 		.ascii	"SET_OUTPUT_DISTANCE\000"
 2018      4F555450 
 2018      55545F44 
 2018      49535441 
 2018      4E434500 
 2019              	.LASF171:
 2020 0eba 4542494D 		.ascii	"EBIMU_send_command\000"
 2020      555F7365 
 2020      6E645F63 
 2020      6F6D6D61 
 2020      6E6400
 2021              	.LASF151:
 2022 0ecd 434C4541 		.ascii	"CLEAR_MOTION_OFFSET\000"
 2022      525F4D4F 
 2022      54494F4E 
 2022      5F4F4646 
 2022      53455400 
 2023              	.LASF135:
 2024 0ee1 504F535F 		.ascii	"POS_FILTER_PARAM_SR\000"
 2024      46494C54 
 2024      45525F50 
 2024      4152414D 
 2024      5F535200 
 2025              	.LASF134:
 2026 0ef5 504F535F 		.ascii	"POS_FILTER_PARAM_ST\000"
 2026      46494C54 
 2026      45525F50 
 2026      4152414D 
 2026      5F535400 
 2027              	.LASF117:
 2028 0f09 5345545F 		.ascii	"SET_SENS_GYRO\000"
 2028      53454E53 
 2028      5F475952 
 2028      4F00
 2029              	.LASF101:
 2030 0f17 4359424C 		.ascii	"CYBLE_STATE_CONNECTED\000"
 2030      455F5354 
 2030      4154455F 
 2030      434F4E4E 
 2030      45435445 
 2031              	.LASF129:
 2032 0f2d 41475F43 		.ascii	"AG_CALIBER_PARAM_THRESHOLD\000"
 2032      414C4942 
ARM GAS  C:\Users\iron\AppData\Local\Temp\ccM5V1N8.s 			page 49


 2032      45525F50 
 2032      4152414D 
 2032      5F544852 
 2033              	.LASF111:
 2034 0f48 5345545F 		.ascii	"SET_OUTPUT_ACCELERO\000"
 2034      4F555450 
 2034      55545F41 
 2034      4343454C 
 2034      45524F00 
 2035              	.LASF56:
 2036 0f5c 4359424C 		.ascii	"CYBLE_EVT_GATTC_FIND_BY_TYPE_VALUE_RSP\000"
 2036      455F4556 
 2036      545F4741 
 2036      5454435F 
 2036      46494E44 
 2037              	.LASF36:
 2038 0f83 4359424C 		.ascii	"CYBLE_EVT_GAP_KEYINFO_EXCHNGE_CMPLT\000"
 2038      455F4556 
 2038      545F4741 
 2038      505F4B45 
 2038      59494E46 
 2039              	.LASF130:
 2040 0fa7 41475F43 		.ascii	"AG_CALIBER_PARAM_DRIFT\000"
 2040      414C4942 
 2040      45525F50 
 2040      4152414D 
 2040      5F445249 
 2041              	.LASF78:
 2042 0fbe 4359424C 		.ascii	"CYBLE_EVT_L2CAP_CBFC_DISCONN_IND\000"
 2042      455F4556 
 2042      545F4C32 
 2042      4341505F 
 2042      43424643 
 2043              	.LASF172:
 2044 0fdf 4542494D 		.ascii	"EBIMU_recv_data\000"
 2044      555F7265 
 2044      63765F64 
 2044      61746100 
 2045              	.LASF74:
 2046 0fef 4359424C 		.ascii	"CYBLE_EVT_L2CAP_CONN_PARAM_UPDATE_RSP\000"
 2046      455F4556 
 2046      545F4C32 
 2046      4341505F 
 2046      434F4E4E 
 2047              	.LASF177:
 2048 1015 443A5C67 		.ascii	"D:\\git\\kmc724\\CY8CKit\\Workspace\\BLE_IMU.cydsn\000"
 2048      69745C6B 
 2048      6D633732 
 2048      345C4359 
 2048      38434B69 
 2049              	.LASF179:
 2050 1043 6D61696E 		.ascii	"main\000"
 2050      00
 2051              	.LASF41:
 2052 1048 4359424C 		.ascii	"CYBLE_EVT_GAP_ENHANCE_CONN_COMPLETE\000"
 2052      455F4556 
 2052      545F4741 
ARM GAS  C:\Users\iron\AppData\Local\Temp\ccM5V1N8.s 			page 50


 2052      505F454E 
 2052      48414E43 
 2053              	.LASF89:
 2054 106c 4359424C 		.ascii	"CYBLE_GATT_DB_ATTR_HANDLE_T\000"
 2054      455F4741 
 2054      54545F44 
 2054      425F4154 
 2054      54525F48 
 2055              	.LASF126:
 2056 1088 5248415F 		.ascii	"RHA_ALGORITHM_PARAM_LEVEL\000"
 2056      414C474F 
 2056      52495448 
 2056      4D5F5041 
 2056      52414D5F 
 2057              	.LASF50:
 2058 10a2 4359424C 		.ascii	"CYBLE_EVT_GATT_DISCONNECT_IND\000"
 2058      455F4556 
 2058      545F4741 
 2058      54545F44 
 2058      4953434F 
 2059              	.LASF87:
 2060 10c0 4359424C 		.ascii	"CYBLE_EVT_FLASH_CORRUPT\000"
 2060      455F4556 
 2060      545F464C 
 2060      4153485F 
 2060      434F5252 
 2061              		.ident	"GCC: (GNU Tools for ARM Embedded Processors) 5.4.1 20160609 (release) [ARM/embedded-5-bran
